<?xml version="1.0" encoding="UTF-8"?>
<testsuite xmlns:xsi="http://www.w3.org/2001/XMLSchema-instance" xsi:noNamespaceSchemaLocation="https://maven.apache.org/surefire/maven-surefire-plugin/xsd/surefire-test-report.xsd" version="3.0.2" name="com.jiteen.claims.ai.application.service.impl.SimulatedOcrServiceTest" time="0.018" tests="4" errors="0" skipped="0" failures="0">
  <properties>
[...]
</properties>
  <testcase name="shouldHandleNullOptionalFieldsGracefully" classname="com.jiteen.claims.ai.application.service.impl.SimulatedOcrServiceTest" time="0.003">
    <system-out><![CDATA[2026-06-27T02:53:47.216+05:30  INFO 21932 --- [ai-processing-service] [           main] c.j.c.a.a.s.impl.SimulatedOcrService     : [OCR SIMULATION] Local document — Textract not applicable: path=claims/9/doc.pdf, claimId=3a60b8dc-9ada-4154-b9be-6deea0383ed9
]]></system-out>
  </testcase>
  <testcase name="shouldReturnNonBlankTextForS3Document" classname="com.jiteen.claims.ai.application.service.impl.SimulatedOcrServiceTest" time="0.003">
    <system-out><![CDATA[2026-06-27T02:53:47.220+05:30  INFO 21932 --- [ai-processing-service] [           main] c.j.c.a.a.s.impl.SimulatedOcrService     : [OCR SIMULATION] Would call Amazon Textract for S3 document: bucket/key=claims/5/document.pdf, claimId=ea81d8f7-553f-442c-9504-8c5ebebdd3f4, documentId=5
]]></system-out>
  </testcase>
  <testcase name="shouldIncludeDocumentIdInExtractedText" classname="com.jiteen.claims.ai.application.service.impl.SimulatedOcrServiceTest" time="0.003">
    <system-out><![CDATA[2026-06-27T02:53:47.225+05:30  INFO 21932 --- [ai-processing-service] [           main] c.j.c.a.a.s.impl.SimulatedOcrService     : [OCR SIMULATION] Local document — Textract not applicable: path=null, claimId=27236854-a835-41e2-bf77-640ee207655f
]]></system-out>
  </testcase>
  <testcase name="shouldReturnNonBlankTextForLocalDocument" classname="com.jiteen.claims.ai.application.service.impl.SimulatedOcrServiceTest" time="0.003">
    <system-out><![CDATA[2026-06-27T02:53:47.229+05:30  INFO 21932 --- [ai-processing-service] [           main] c.j.c.a.a.s.impl.SimulatedOcrService     : [OCR SIMULATION] Local document — Textract not applicable: path=/tmp/claims-test-uploads/doc.pdf, claimId=815c7298-3b8f-4ad4-8caf-bd8afa54b77b
]]></system-out>
  </testcase>
</testsuite>