<?xml version="1.0" encoding="UTF-8"?>
<testsuite xmlns:xsi="http://www.w3.org/2001/XMLSchema-instance" xsi:noNamespaceSchemaLocation="https://maven.apache.org/surefire/maven-surefire-plugin/xsd/surefire-test-report.xsd" version="3.0.2" name="com.jiteen.claims.auth.integration.AuthControllerIntegrationTest" time="12.829" tests="8" errors="0" skipped="0" failures="0">
  <properties>
[...]
</properties>
  <testcase name="refreshTokenSuccessfully" classname="com.jiteen.claims.auth.integration.AuthControllerIntegrationTest" time="1.209">
    <system-out><![CDATA[17:34:07.122 [main] INFO org.springframework.test.context.support.AnnotationConfigContextLoaderUtils -- Could not detect default configuration classes for test class [com.jiteen.claims.auth.integration.AuthControllerIntegrationTest]: AuthControllerIntegrationTest does not declare any static, non-private, non-final, nested classes annotated with @Configuration.
17:34:07.341 [main] INFO org.springframework.boot.test.context.SpringBootTestContextBootstrapper -- Found @SpringBootConfiguration com.jiteen.claims.auth.AuthServiceApplication for test class com.jiteen.claims.auth.integration.AuthControllerIntegrationTest

  .   ____          _            __ _ _
 /\\ / ___'_ __ _ _(_)_ __  __ _ \ \ \ \
( ( )\___ | '_ | '_| | '_ \/ _` | \ \ \ \
 \\/  ___)| |_)| | | | | || (_| |  ) ) ) )
  '  |____| .__|_| |_|_| |_\__, | / / / /
 =========|_|==============|___/=/_/_/_/

 :: Spring Boot ::                (v3.5.0)

2026-06-10T17:34:08.576+05:30  INFO 24144 --- [auth-service] [           main] c.j.c.a.i.AuthControllerIntegrationTest  : Starting AuthControllerIntegrationTest using Java 21.0.9 with PID 24144 (started by jitee in C:\Projects\ai-claims-processing-system\auth-service)
2026-06-10T17:34:08.577+05:30 DEBUG 24144 --- [auth-service] [           main] c.j.c.a.i.AuthControllerIntegrationTest  : Running with Spring Boot v3.5.0, Spring v6.2.7
2026-06-10T17:34:08.578+05:30  INFO 24144 --- [auth-service] [           main] c.j.c.a.i.AuthControllerIntegrationTest  : The following 1 profile is active: "test"
2026-06-10T17:34:10.907+05:30  INFO 24144 --- [auth-service] [           main] .s.d.r.c.RepositoryConfigurationDelegate : Bootstrapping Spring Data JPA repositories in DEFAULT mode.
2026-06-10T17:34:11.031+05:30  INFO 24144 --- [auth-service] [           main] .s.d.r.c.RepositoryConfigurationDelegate : Finished Spring Data repository scanning in 109 ms. Found 2 JPA repository interfaces.
2026-06-10T17:34:12.079+05:30  INFO 24144 --- [auth-service] [           main] com.zaxxer.hikari.HikariDataSource       : HikariPool-1 - Starting...
2026-06-10T17:34:12.383+05:30  INFO 24144 --- [auth-service] [           main] com.zaxxer.hikari.pool.HikariPool        : HikariPool-1 - Added connection org.postgresql.jdbc.PgConnection@323efafe
2026-06-10T17:34:12.385+05:30  INFO 24144 --- [auth-service] [           main] com.zaxxer.hikari.HikariDataSource       : HikariPool-1 - Start completed.
2026-06-10T17:34:12.420+05:30  INFO 24144 --- [auth-service] [           main] org.flywaydb.core.FlywayExecutor         : Database: jdbc:postgresql://localhost:5432/auth_service (PostgreSQL 16.14)
2026-06-10T17:34:12.505+05:30  INFO 24144 --- [auth-service] [           main] o.f.core.internal.command.DbValidate     : Successfully validated 3 migrations (execution time 00:00.045s)
2026-06-10T17:34:12.537+05:30  INFO 24144 --- [auth-service] [           main] o.f.core.internal.command.DbMigrate      : Current version of schema "public": 3
2026-06-10T17:34:12.544+05:30  INFO 24144 --- [auth-service] [           main] o.f.core.internal.command.DbMigrate      : Schema "public" is up to date. No migration necessary.
2026-06-10T17:34:12.727+05:30  INFO 24144 --- [auth-service] [           main] o.hibernate.jpa.internal.util.LogHelper  : HHH000204: Processing PersistenceUnitInfo [name: default]
2026-06-10T17:34:12.881+05:30  INFO 24144 --- [auth-service] [           main] org.hibernate.Version                    : HHH000412: Hibernate ORM core version 6.6.15.Final
2026-06-10T17:34:12.947+05:30  INFO 24144 --- [auth-service] [           main] o.h.c.internal.RegionFactoryInitiator    : HHH000026: Second-level cache disabled
2026-06-10T17:34:13.465+05:30  INFO 24144 --- [auth-service] [           main] o.s.o.j.p.SpringPersistenceUnitInfo      : No LoadTimeWeaver setup: ignoring JPA class transformer
2026-06-10T17:34:13.620+05:30  INFO 24144 --- [auth-service] [           main] org.hibernate.orm.connections.pooling    : HHH10001005: Database info:
	Database JDBC URL [Connecting through datasource 'HikariDataSource (HikariPool-1)']
	Database driver: undefined/unknown
	Database version: 16.14
	Autocommit mode: undefined/unknown
	Isolation level: undefined/unknown
	Minimum pool size: undefined/unknown
	Maximum pool size: undefined/unknown
2026-06-10T17:34:15.033+05:30  INFO 24144 --- [auth-service] [           main] o.h.e.t.j.p.i.JtaPlatformInitiator       : HHH000489: No JTA platform available (set 'hibernate.transaction.jta.platform' to enable JTA platform integration)
2026-06-10T17:34:15.036+05:30  INFO 24144 --- [auth-service] [           main] j.LocalContainerEntityManagerFactoryBean : Initialized JPA EntityManagerFactory for persistence unit 'default'
2026-06-10T17:34:15.826+05:30  WARN 24144 --- [auth-service] [           main] JpaBaseConfiguration$JpaWebConfiguration : spring.jpa.open-in-view is enabled by default. Therefore, database queries may be performed during view rendering. Explicitly configure spring.jpa.open-in-view to disable this warning
2026-06-10T17:34:16.357+05:30  INFO 24144 --- [auth-service] [           main] o.s.b.a.e.web.EndpointLinksResolver      : Exposing 3 endpoints beneath base path '/actuator'
2026-06-10T17:34:16.422+05:30  INFO 24144 --- [auth-service] [           main] r$InitializeUserDetailsManagerConfigurer : Global AuthenticationManager configured with UserDetailsService bean with name customUserDetailsService
2026-06-10T17:34:17.191+05:30 DEBUG 24144 --- [auth-service] [           main] c.j.c.a.s.JwtAuthenticationFilter        : Filter 'jwtAuthenticationFilter' configured for use
2026-06-10T17:34:17.192+05:30  INFO 24144 --- [auth-service] [           main] o.s.b.t.m.w.SpringBootMockServletContext : Initializing Spring TestDispatcherServlet ''
2026-06-10T17:34:17.193+05:30  INFO 24144 --- [auth-service] [           main] o.s.t.web.servlet.TestDispatcherServlet  : Initializing Servlet ''
2026-06-10T17:34:17.194+05:30  INFO 24144 --- [auth-service] [           main] o.s.t.web.servlet.TestDispatcherServlet  : Completed initialization in 1 ms
2026-06-10T17:34:17.288+05:30  INFO 24144 --- [auth-service] [           main] c.j.c.a.i.AuthControllerIntegrationTest  : Started AuthControllerIntegrationTest in 9.398 seconds (process running for 11.377)
2026-06-10T17:34:17.985+05:30 DEBUG 24144 --- [auth-service] [           main] c.j.c.a.a.service.impl.AuthServiceImpl   : Processing registration request for email [refresh-success1@test.com]
2026-06-10T17:34:18.225+05:30  INFO 24144 --- [auth-service] [           main] c.j.c.a.a.service.impl.AuthServiceImpl   : Successfully registered new user with id [91166a63-2bde-46e7-b143-8c7abfb19543]
2026-06-10T17:34:18.283+05:30 DEBUG 24144 --- [auth-service] [           main] c.j.c.a.a.service.impl.AuthServiceImpl   : Processing login request for email [refresh-success1@test.com]
2026-06-10T17:34:18.390+05:30 DEBUG 24144 --- [auth-service] [           main] c.j.c.a.a.service.impl.AuthServiceImpl   : User [refresh-success1@test.com] passed status check with status [PENDING_VERIFICATION]
2026-06-10T17:34:18.393+05:30 DEBUG 24144 --- [auth-service] [           main] c.j.c.a.a.service.jwt.JwtService         : Generating access token for subject [refresh-success1@test.com]
2026-06-10T17:34:18.491+05:30 DEBUG 24144 --- [auth-service] [           main] c.j.c.a.a.service.jwt.JwtService         : Generating refresh token for subject [refresh-success1@test.com]
2026-06-10T17:34:18.494+05:30  INFO 24144 --- [auth-service] [           main] c.j.c.a.a.service.impl.AuthServiceImpl   : Successfully authenticated user with id [91166a63-2bde-46e7-b143-8c7abfb19543]
2026-06-10T17:34:18.533+05:30 DEBUG 24144 --- [auth-service] [           main] c.j.c.a.a.service.impl.AuthServiceImpl   : Processing refresh token request
2026-06-10T17:34:18.561+05:30 DEBUG 24144 --- [auth-service] [           main] c.j.c.a.a.service.jwt.JwtService         : Token successfully validated for subject [refresh-success1@test.com]
2026-06-10T17:34:18.572+05:30 DEBUG 24144 --- [auth-service] [           main] c.j.c.a.a.service.impl.AuthServiceImpl   : Refresh token resolved to subject [refresh-success1@test.com]
2026-06-10T17:34:18.577+05:30 DEBUG 24144 --- [auth-service] [           main] c.j.c.a.a.service.impl.AuthServiceImpl   : User [refresh-success1@test.com] passed status check with status [PENDING_VERIFICATION]
2026-06-10T17:34:18.577+05:30 DEBUG 24144 --- [auth-service] [           main] c.j.c.a.a.service.jwt.JwtService         : Generating refresh token for subject [refresh-success1@test.com]
2026-06-10T17:34:18.578+05:30 DEBUG 24144 --- [auth-service] [           main] c.j.c.a.a.service.jwt.JwtService         : Generating access token for subject [refresh-success1@test.com]
2026-06-10T17:34:18.579+05:30  INFO 24144 --- [auth-service] [           main] c.j.c.a.a.service.impl.AuthServiceImpl   : Successfully refreshed access token for user with id [91166a63-2bde-46e7-b143-8c7abfb19543]
]]></system-out>
    <system-err><![CDATA[Mockito is currently self-attaching to enable the inline-mock-maker. This will no longer work in future releases of the JDK. Please add Mockito as an agent to your build as described in Mockito's documentation: https://javadoc.io/doc/org.mockito/mockito-core/latest/org.mockito/org/mockito/Mockito.html#0.3
WARNING: A Java agent has been loaded dynamically (C:\Users\jitee\.m2\repository\net\bytebuddy\byte-buddy-agent\1.17.5\byte-buddy-agent-1.17.5.jar)
WARNING: If a serviceability tool is in use, please run with -XX:+EnableDynamicAgentLoading to hide this warning
WARNING: If a serviceability tool is not in use, please run with -Djdk.instrument.traceUsage for more information
WARNING: Dynamic loading of agents will be disallowed by default in a future release
]]></system-err>
  </testcase>
  <testcase name="loginWithInvalidPasswordFails" classname="com.jiteen.claims.auth.integration.AuthControllerIntegrationTest" time="0.16">
    <system-out><![CDATA[2026-06-10T17:34:18.646+05:30 DEBUG 24144 --- [auth-service] [           main] c.j.c.a.a.service.impl.AuthServiceImpl   : Processing registration request for email [invalid-password1@test.com]
2026-06-10T17:34:18.711+05:30  INFO 24144 --- [auth-service] [           main] c.j.c.a.a.service.impl.AuthServiceImpl   : Successfully registered new user with id [a20ce272-98b4-4d3d-bffe-cf2dd3c0e305]
2026-06-10T17:34:18.721+05:30 DEBUG 24144 --- [auth-service] [           main] c.j.c.a.a.service.impl.AuthServiceImpl   : Processing login request for email [invalid-password1@test.com]
2026-06-10T17:34:18.787+05:30  WARN 24144 --- [auth-service] [           main] c.j.c.a.a.service.impl.AuthServiceImpl   : Login failed: invalid password for email [invalid-password1@test.com]
2026-06-10T17:34:18.793+05:30  WARN 24144 --- [auth-service] [           main] c.j.c.a.a.e.GlobalExceptionHandler       : Invalid credentials on request [/api/v1/auth/login]: Invalid email or password
]]></system-out>
  </testcase>
  <testcase name="registerDuplicateUserFails" classname="com.jiteen.claims.auth.integration.AuthControllerIntegrationTest" time="0.09">
    <system-out><![CDATA[2026-06-10T17:34:18.806+05:30 DEBUG 24144 --- [auth-service] [           main] c.j.c.a.a.service.impl.AuthServiceImpl   : Processing registration request for email [duplicate3@test.com]
2026-06-10T17:34:18.872+05:30  INFO 24144 --- [auth-service] [           main] c.j.c.a.a.service.impl.AuthServiceImpl   : Successfully registered new user with id [f6212d43-ab2b-41a2-84ab-febd3e312a74]
2026-06-10T17:34:18.883+05:30 DEBUG 24144 --- [auth-service] [           main] c.j.c.a.a.service.impl.AuthServiceImpl   : Processing registration request for email [duplicate3@test.com]
2026-06-10T17:34:18.886+05:30  WARN 24144 --- [auth-service] [           main] c.j.c.a.a.service.impl.AuthServiceImpl   : Registration failed: email [duplicate3@test.com] is already in use
2026-06-10T17:34:18.888+05:30  WARN 24144 --- [auth-service] [           main] c.j.c.a.a.e.GlobalExceptionHandler       : User already exists on request [/api/v1/auth/register]: A user with the provided email already exists
]]></system-out>
  </testcase>
  <testcase name="logoutSuccessfully" classname="com.jiteen.claims.auth.integration.AuthControllerIntegrationTest" time="0.187">
    <system-out><![CDATA[2026-06-10T17:34:18.898+05:30 DEBUG 24144 --- [auth-service] [           main] c.j.c.a.a.service.impl.AuthServiceImpl   : Processing registration request for email [logout-success1@test.com]
2026-06-10T17:34:18.966+05:30  INFO 24144 --- [auth-service] [           main] c.j.c.a.a.service.impl.AuthServiceImpl   : Successfully registered new user with id [e6cf1985-2721-4020-bdd1-9c28706541bb]
2026-06-10T17:34:18.975+05:30 DEBUG 24144 --- [auth-service] [           main] c.j.c.a.a.service.impl.AuthServiceImpl   : Processing login request for email [logout-success1@test.com]
2026-06-10T17:34:19.040+05:30 DEBUG 24144 --- [auth-service] [           main] c.j.c.a.a.service.impl.AuthServiceImpl   : User [logout-success1@test.com] passed status check with status [PENDING_VERIFICATION]
2026-06-10T17:34:19.041+05:30 DEBUG 24144 --- [auth-service] [           main] c.j.c.a.a.service.jwt.JwtService         : Generating access token for subject [logout-success1@test.com]
2026-06-10T17:34:19.041+05:30 DEBUG 24144 --- [auth-service] [           main] c.j.c.a.a.service.jwt.JwtService         : Generating refresh token for subject [logout-success1@test.com]
2026-06-10T17:34:19.042+05:30  INFO 24144 --- [auth-service] [           main] c.j.c.a.a.service.impl.AuthServiceImpl   : Successfully authenticated user with id [e6cf1985-2721-4020-bdd1-9c28706541bb]
2026-06-10T17:34:19.057+05:30 DEBUG 24144 --- [auth-service] [           main] c.j.c.a.a.service.impl.AuthServiceImpl   : Processing logout request
2026-06-10T17:34:19.068+05:30  INFO 24144 --- [auth-service] [           main] c.j.c.a.a.service.impl.AuthServiceImpl   : Successfully revoked refresh token for user [logout-success1@test.com]
]]></system-out>
  </testcase>
  <testcase name="refreshTokenRotationWorks" classname="com.jiteen.claims.auth.integration.AuthControllerIntegrationTest" time="0.2">
    <system-out><![CDATA[2026-06-10T17:34:19.085+05:30 DEBUG 24144 --- [auth-service] [           main] c.j.c.a.a.service.impl.AuthServiceImpl   : Processing registration request for email [rotation1@test.com]
2026-06-10T17:34:19.155+05:30  INFO 24144 --- [auth-service] [           main] c.j.c.a.a.service.impl.AuthServiceImpl   : Successfully registered new user with id [0cd80ad2-47bb-4ae3-ad97-3402f330a684]
2026-06-10T17:34:19.166+05:30 DEBUG 24144 --- [auth-service] [           main] c.j.c.a.a.service.impl.AuthServiceImpl   : Processing login request for email [rotation1@test.com]
2026-06-10T17:34:19.236+05:30 DEBUG 24144 --- [auth-service] [           main] c.j.c.a.a.service.impl.AuthServiceImpl   : User [rotation1@test.com] passed status check with status [PENDING_VERIFICATION]
2026-06-10T17:34:19.236+05:30 DEBUG 24144 --- [auth-service] [           main] c.j.c.a.a.service.jwt.JwtService         : Generating access token for subject [rotation1@test.com]
2026-06-10T17:34:19.237+05:30 DEBUG 24144 --- [auth-service] [           main] c.j.c.a.a.service.jwt.JwtService         : Generating refresh token for subject [rotation1@test.com]
2026-06-10T17:34:19.237+05:30  INFO 24144 --- [auth-service] [           main] c.j.c.a.a.service.impl.AuthServiceImpl   : Successfully authenticated user with id [0cd80ad2-47bb-4ae3-ad97-3402f330a684]
2026-06-10T17:34:19.250+05:30 DEBUG 24144 --- [auth-service] [           main] c.j.c.a.a.service.impl.AuthServiceImpl   : Processing refresh token request
2026-06-10T17:34:19.251+05:30 DEBUG 24144 --- [auth-service] [           main] c.j.c.a.a.service.jwt.JwtService         : Token successfully validated for subject [rotation1@test.com]
2026-06-10T17:34:19.255+05:30 DEBUG 24144 --- [auth-service] [           main] c.j.c.a.a.service.impl.AuthServiceImpl   : Refresh token resolved to subject [rotation1@test.com]
2026-06-10T17:34:19.258+05:30 DEBUG 24144 --- [auth-service] [           main] c.j.c.a.a.service.impl.AuthServiceImpl   : User [rotation1@test.com] passed status check with status [PENDING_VERIFICATION]
2026-06-10T17:34:19.259+05:30 DEBUG 24144 --- [auth-service] [           main] c.j.c.a.a.service.jwt.JwtService         : Generating refresh token for subject [rotation1@test.com]
2026-06-10T17:34:19.261+05:30 DEBUG 24144 --- [auth-service] [           main] c.j.c.a.a.service.jwt.JwtService         : Generating access token for subject [rotation1@test.com]
2026-06-10T17:34:19.262+05:30  INFO 24144 --- [auth-service] [           main] c.j.c.a.a.service.impl.AuthServiceImpl   : Successfully refreshed access token for user with id [0cd80ad2-47bb-4ae3-ad97-3402f330a684]
]]></system-out>
  </testcase>
  <testcase name="registerUserSuccessfully" classname="com.jiteen.claims.auth.integration.AuthControllerIntegrationTest" time="0.094">
    <system-out><![CDATA[2026-06-10T17:34:19.291+05:30 DEBUG 24144 --- [auth-service] [           main] c.j.c.a.a.service.impl.AuthServiceImpl   : Processing registration request for email [integration6@test.com]
2026-06-10T17:34:19.368+05:30  INFO 24144 --- [auth-service] [           main] c.j.c.a.a.service.impl.AuthServiceImpl   : Successfully registered new user with id [bc1d9963-d7c6-4d19-a458-b7d24df11c4c]
]]></system-out>
  </testcase>
  <testcase name="loginSuccessfully" classname="com.jiteen.claims.auth.integration.AuthControllerIntegrationTest" time="0.157">
    <system-out><![CDATA[2026-06-10T17:34:19.381+05:30 DEBUG 24144 --- [auth-service] [           main] c.j.c.a.a.service.impl.AuthServiceImpl   : Processing registration request for email [login-test2@test.com]
2026-06-10T17:34:19.447+05:30  INFO 24144 --- [auth-service] [           main] c.j.c.a.a.service.impl.AuthServiceImpl   : Successfully registered new user with id [54d26fb9-4624-4e30-9ea4-912a3439c335]
2026-06-10T17:34:19.454+05:30 DEBUG 24144 --- [auth-service] [           main] c.j.c.a.a.service.impl.AuthServiceImpl   : Processing login request for email [login-test2@test.com]
2026-06-10T17:34:19.521+05:30 DEBUG 24144 --- [auth-service] [           main] c.j.c.a.a.service.impl.AuthServiceImpl   : User [login-test2@test.com] passed status check with status [PENDING_VERIFICATION]
2026-06-10T17:34:19.521+05:30 DEBUG 24144 --- [auth-service] [           main] c.j.c.a.a.service.jwt.JwtService         : Generating access token for subject [login-test2@test.com]
2026-06-10T17:34:19.522+05:30 DEBUG 24144 --- [auth-service] [           main] c.j.c.a.a.service.jwt.JwtService         : Generating refresh token for subject [login-test2@test.com]
2026-06-10T17:34:19.522+05:30  INFO 24144 --- [auth-service] [           main] c.j.c.a.a.service.impl.AuthServiceImpl   : Successfully authenticated user with id [54d26fb9-4624-4e30-9ea4-912a3439c335]
]]></system-out>
  </testcase>
  <testcase name="refreshTokenFailsAfterLogout" classname="com.jiteen.claims.auth.integration.AuthControllerIntegrationTest" time="0.181">
    <system-out><![CDATA[2026-06-10T17:34:19.539+05:30 DEBUG 24144 --- [auth-service] [           main] c.j.c.a.a.service.impl.AuthServiceImpl   : Processing registration request for email [logout-refresh1@test.com]
2026-06-10T17:34:19.604+05:30  INFO 24144 --- [auth-service] [           main] c.j.c.a.a.service.impl.AuthServiceImpl   : Successfully registered new user with id [f236d486-ebb3-47e6-a172-5d1244df45ce]
2026-06-10T17:34:19.615+05:30 DEBUG 24144 --- [auth-service] [           main] c.j.c.a.a.service.impl.AuthServiceImpl   : Processing login request for email [logout-refresh1@test.com]
2026-06-10T17:34:19.679+05:30 DEBUG 24144 --- [auth-service] [           main] c.j.c.a.a.service.impl.AuthServiceImpl   : User [logout-refresh1@test.com] passed status check with status [PENDING_VERIFICATION]
2026-06-10T17:34:19.680+05:30 DEBUG 24144 --- [auth-service] [           main] c.j.c.a.a.service.jwt.JwtService         : Generating access token for subject [logout-refresh1@test.com]
2026-06-10T17:34:19.680+05:30 DEBUG 24144 --- [auth-service] [           main] c.j.c.a.a.service.jwt.JwtService         : Generating refresh token for subject [logout-refresh1@test.com]
2026-06-10T17:34:19.681+05:30  INFO 24144 --- [auth-service] [           main] c.j.c.a.a.service.impl.AuthServiceImpl   : Successfully authenticated user with id [f236d486-ebb3-47e6-a172-5d1244df45ce]
2026-06-10T17:34:19.691+05:30 DEBUG 24144 --- [auth-service] [           main] c.j.c.a.a.service.impl.AuthServiceImpl   : Processing logout request
2026-06-10T17:34:19.697+05:30  INFO 24144 --- [auth-service] [           main] c.j.c.a.a.service.impl.AuthServiceImpl   : Successfully revoked refresh token for user [logout-refresh1@test.com]
2026-06-10T17:34:19.705+05:30 DEBUG 24144 --- [auth-service] [           main] c.j.c.a.a.service.impl.AuthServiceImpl   : Processing refresh token request
2026-06-10T17:34:19.706+05:30 DEBUG 24144 --- [auth-service] [           main] c.j.c.a.a.service.jwt.JwtService         : Token successfully validated for subject [logout-refresh1@test.com]
2026-06-10T17:34:19.709+05:30  WARN 24144 --- [auth-service] [           main] c.j.c.a.a.service.impl.AuthServiceImpl   : Refresh failed: token not found or revoked
2026-06-10T17:34:19.712+05:30  WARN 24144 --- [auth-service] [           main] c.j.c.a.a.e.GlobalExceptionHandler       : Invalid refresh token on request [/api/v1/auth/refresh]: Refresh token is invalid or revoked
]]></system-out>
  </testcase>
</testsuite>