<?xml version="1.0" encoding="UTF-8"?>
<testsuite xmlns:xsi="http://www.w3.org/2001/XMLSchema-instance" xsi:noNamespaceSchemaLocation="https://maven.apache.org/surefire/maven-surefire-plugin/xsd/surefire-test-report.xsd" version="3.0.2" name="com.jiteen.claims.auth.integration.AuthControllerIntegrationTest" time="0.01" tests="8" errors="0" skipped="8" failures="0">
  <properties/>
  <testcase name="refreshTokenSuccessfully" classname="com.jiteen.claims.auth.integration.AuthControllerIntegrationTest" time="0.0">
    <skipped message="disabledWithoutDocker is true and Docker is not available"/>
    <system-out><![CDATA[02:53:26.097 [main] INFO org.testcontainers.DockerClientFactory -- Testcontainers version: 1.21.0
02:53:26.792 [main] INFO org.testcontainers.dockerclient.DockerMachineClientProviderStrategy -- docker-machine executable was not found on PATH ([C:\Users\jitee\bin, C:\Program Files\Git\mingw64\bin, C:\Program Files\Git\usr\local\bin, C:\Program Files\Git\usr\bin, C:\Program Files\Git\usr\bin, C:\Program Files\Git\mingw64\bin, C:\Program Files\Git\usr\bin, C:\Users\jitee\bin, C:\Program Files\Eclipse Adoptium\jdk-21.0.9.10-hotspot\bin, C:\Python311\Scripts, C:\Python311, C:\Program Files\Common Files\Oracle\Java\javapath, C:\Windows\system32, C:\Windows, C:\Windows\System32\Wbem, C:\Windows\System32\WindowsPowerShell\v1.0, C:\Windows\System32\OpenSSH, C:\Program Files (x86)\NVIDIA Corporation\PhysX\Common, C:\WINDOWS\system32, C:\WINDOWS, C:\WINDOWS\System32\Wbem, C:\WINDOWS\System32\WindowsPowerShell\v1.0, C:\WINDOWS\System32\OpenSSH, C:\ProgramData\chocolatey\bin, C:\Program Files\MongoDB\Server\7.0\bin, C:\mongosh-2.0.1-win32-x64\bin, C:\Users\jitee\AppData\Roaming\nvm, C:\Program Files\nodejs, C:\Users\jitee\AppData\Local\Programs\cursor\resources\app\bin, C:\Program Files\Java\jdk-20\bin, C:\Program Files\Go\bin, C:\WINDOWS\system32, C:\WINDOWS, C:\WINDOWS\System32\Wbem, C:\WINDOWS\System32\WindowsPowerShell\v1.0, C:\WINDOWS\System32\OpenSSH, C:\Program Files\NVIDIA Corporation\NVIDIA app\NvDLISR, C:\Program Files\Git\cmd, C:\Program Files\Cloudflare\Cloudflare WARP, C:\ProgramData\chocolatey\lib\maven\apache-maven-3.9.16\bin, C:\Program Files\Docker\Docker\resources\bin, C:\Users\jitee\AppData\Local\Microsoft\WindowsApps, C:\Users\jitee\AppData\Local\Programs\Microsoft VS Code\bin, C:\DevTools\flutter\bin, C:\Users\jitee\AppData\Local\Pub\Cache\bin, C:\Users\jitee\AppData\Roaming\npm, C:\Program Files\JetBrains\IntelliJ IDEA Community Edition 2023.1.4\bin, C:\Program Files\JetBrains\PyCharm Community Edition 2023.2.1\bin, C:\Users\jitee\go\bin, C:\Users\jitee\AppData\Local\GitHubDesktop\bin, C:\Program Files\JetBrains\IntelliJ IDEA 2025.3.3\bin, C:\Users\jitee\AppData\Roaming\nvm\v20.12.2, C:\Users\jitee\AppData\Roaming\nvm\v18.16.1, C:\Users\jitee\AppData\Roaming\nvm\v16.14.2, C:\Python311, C:\Program Files\Git\mingw64\bin, C:\Program Files\Git\usr\bin\vendor_perl, C:\Program Files\Git\usr\bin\core_perl, C:\Users\jitee\AppData\Roaming\Claude\local-agent-mode-sessions\da6d7f6a-3089-49bb-b0e1-4072f84ed20d\790eaa28-49cb-4da0-8067-45e5253c9749\rpm\plugin_011v5h6QUzBZvas64y44XLhy\bin, C:\Users\jitee\AppData\Roaming\Claude\local-agent-mode-sessions\da6d7f6a-3089-49bb-b0e1-4072f84ed20d\790eaa28-49cb-4da0-8067-45e5253c9749\rpm\plugin_0155zZVATbJU3jHUmPP9NvMC\bin, C:\Users\jitee\AppData\Roaming\Claude\local-agent-mode-sessions\da6d7f6a-3089-49bb-b0e1-4072f84ed20d\790eaa28-49cb-4da0-8067-45e5253c9749\rpm\plugin_01FTLa86dhbVJ3HB1LdHdhN7\bin, C:\Users\jitee\AppData\Roaming\Claude\local-agent-mode-sessions\skills-plugin\790eaa28-49cb-4da0-8067-45e5253c9749\da6d7f6a-3089-49bb-b0e1-4072f84ed20d\bin])
02:53:26.793 [main] ERROR org.testcontainers.dockerclient.DockerClientProviderStrategy -- Could not find a valid Docker environment. Please check configuration. Attempted configurations were:
	NpipeSocketClientProviderStrategy: failed with exception BadRequestException (Status 400: {"ID":"","Containers":0,"ContainersRunning":0,"ContainersPaused":0,"ContainersStopped":0,"Images":0,"Driver":"","DriverStatus":null,"Plugins":{"Volume":null,"Network":null,"Authorization":null,"Log":null},"MemoryLimit":false,"SwapLimit":false,"CpuCfsPeriod":false,"CpuCfsQuota":false,"CPUShares":false,"CPUSet":false,"PidsLimit":false,"IPv4Forwarding":false,"Debug":false,"NFd":0,"OomKillDisable":false,"NGoroutines":0,"SystemTime":"","LoggingDriver":"","CgroupDriver":"","NEventsListener":0,"KernelVersion":"","OperatingSystem":"","OSVersion":"","OSType":"","Architecture":"","IndexServerAddress":"","RegistryConfig":null,"NCPU":0,"MemTotal":0,"GenericResources":null,"DockerRootDir":"","HttpProxy":"","HttpsProxy":"","NoProxy":"","Name":"","Labels":["com.docker.desktop.address=npipe://\\\\.\\pipe\\docker_cli"],"ExperimentalBuild":false,"ServerVersion":"","Runtimes":null,"DefaultRuntime":"","Swarm":{"NodeID":"","NodeAddr":"","LocalNodeState":"","ControlAvailable":false,"Error":"","RemoteManagers":null},"LiveRestoreEnabled":false,"Isolation":"","InitBinary":"","ContainerdCommit":{"ID":""},"RuncCommit":{"ID":""},"InitCommit":{"ID":""},"SecurityOptions":null,"CDISpecDirs":null,"Warnings":null})As no valid configuration was found, execution cannot continue.
See https://java.testcontainers.org/on_failure.html for more details.
]]></system-out>
  </testcase>
  <testcase name="loginWithInvalidPasswordFails" classname="com.jiteen.claims.auth.integration.AuthControllerIntegrationTest" time="0.0">
    <skipped message="disabledWithoutDocker is true and Docker is not available"/>
  </testcase>
  <testcase name="registerDuplicateUserFails" classname="com.jiteen.claims.auth.integration.AuthControllerIntegrationTest" time="0.0">
    <skipped message="disabledWithoutDocker is true and Docker is not available"/>
  </testcase>
  <testcase name="logoutSuccessfully" classname="com.jiteen.claims.auth.integration.AuthControllerIntegrationTest" time="0.0">
    <skipped message="disabledWithoutDocker is true and Docker is not available"/>
  </testcase>
  <testcase name="refreshTokenRotationWorks" classname="com.jiteen.claims.auth.integration.AuthControllerIntegrationTest" time="0.0">
    <skipped message="disabledWithoutDocker is true and Docker is not available"/>
  </testcase>
  <testcase name="registerUserSuccessfully" classname="com.jiteen.claims.auth.integration.AuthControllerIntegrationTest" time="0.0">
    <skipped message="disabledWithoutDocker is true and Docker is not available"/>
  </testcase>
  <testcase name="loginSuccessfully" classname="com.jiteen.claims.auth.integration.AuthControllerIntegrationTest" time="0.0">
    <skipped message="disabledWithoutDocker is true and Docker is not available"/>
  </testcase>
  <testcase name="refreshTokenFailsAfterLogout" classname="com.jiteen.claims.auth.integration.AuthControllerIntegrationTest" time="0.0">
    <skipped message="disabledWithoutDocker is true and Docker is not available"/>
  </testcase>
</testsuite>