<?xml version="1.0" encoding="UTF-8"?>
<testsuite xmlns:xsi="http://www.w3.org/2001/XMLSchema-instance" xsi:noNamespaceSchemaLocation="https://maven.apache.org/surefire/maven-surefire-plugin/xsd/surefire-test-report.xsd" version="3.0.2" name="com.jiteen.claims.claim.domain.repository.ClaimRepositoryTest" time="1.948" tests="9" errors="0" skipped="0" failures="0">
  <properties>
[...]
</properties>
  <testcase name="shouldReturnFalseWhenClaimDoesNotExist" classname="com.jiteen.claims.claim.domain.repository.ClaimRepositoryTest" time="0.399">
    <system-out><![CDATA[2026-06-27 02:50:23.256 [main] [] INFO  o.s.t.c.s.AnnotationConfigContextLoaderUtils - Could not detect default configuration classes for test class [com.jiteen.claims.claim.domain.repository.ClaimRepositoryTest]: ClaimRepositoryTest does not declare any static, non-private, non-final, nested classes annotated with @Configuration.
2026-06-27 02:50:23.262 [controller-event-thread] [] INFO  state.change.logger - [Controller id=0 epoch=1] Changed partition __consumer_offsets-4 from NewPartition to OnlinePartition with state LeaderAndIsr(leader=0, leaderEpoch=0, isrWithBrokerEpoch=List(BrokerState(brokerId=0, brokerEpoch=-1)), leaderRecoveryState=RECOVERED, partitionEpoch=0)
2026-06-27 02:50:23.262 [controller-event-thread] [] INFO  state.change.logger - [Controller id=0 epoch=1] Changed partition __consumer_offsets-3 from NewPartition to OnlinePartition with state LeaderAndIsr(leader=0, leaderEpoch=0, isrWithBrokerEpoch=List(BrokerState(brokerId=0, brokerEpoch=-1)), leaderRecoveryState=RECOVERED, partitionEpoch=0)
2026-06-27 02:50:23.262 [controller-event-thread] [] INFO  state.change.logger - [Controller id=0 epoch=1] Changed partition __consumer_offsets-2 from NewPartition to OnlinePartition with state LeaderAndIsr(leader=0, leaderEpoch=0, isrWithBrokerEpoch=List(BrokerState(brokerId=0, brokerEpoch=-1)), leaderRecoveryState=RECOVERED, partitionEpoch=0)
2026-06-27 02:50:23.262 [controller-event-thread] [] INFO  state.change.logger - [Controller id=0 epoch=1] Changed partition __consumer_offsets-0 from NewPartition to OnlinePartition with state LeaderAndIsr(leader=0, leaderEpoch=0, isrWithBrokerEpoch=List(BrokerState(brokerId=0, brokerEpoch=-1)), leaderRecoveryState=RECOVERED, partitionEpoch=0)
2026-06-27 02:50:23.262 [controller-event-thread] [] INFO  state.change.logger - [Controller id=0 epoch=1] Changed partition __consumer_offsets-1 from NewPartition to OnlinePartition with state LeaderAndIsr(leader=0, leaderEpoch=0, isrWithBrokerEpoch=List(BrokerState(brokerId=0, brokerEpoch=-1)), leaderRecoveryState=RECOVERED, partitionEpoch=0)
2026-06-27 02:50:23.263 [controller-event-thread] [] INFO  state.change.logger - [Controller id=0 epoch=1] Sending LeaderAndIsr request to broker 0 with 5 become-leader and 0 become-follower partitions
2026-06-27 02:50:23.263 [controller-event-thread] [] INFO  state.change.logger - [Controller id=0 epoch=1] Sending UpdateMetadata request to brokers HashSet(0) for 5 partitions
2026-06-27 02:50:23.264 [controller-event-thread] [] INFO  state.change.logger - [Controller id=0 epoch=1] Sending UpdateMetadata request to brokers HashSet() for 0 partitions
2026-06-27 02:50:23.264 [data-plane-kafka-request-handler-7] [] INFO  state.change.logger - [Broker id=0] Handling LeaderAndIsr request correlationId 7 from controller 0 for 5 partitions
2026-06-27 02:50:23.274 [data-plane-kafka-request-handler-7] [] INFO  kafka.server.ReplicaFetcherManager - [ReplicaFetcherManager on broker 0] Removed fetcher for partitions HashSet(__consumer_offsets-4, __consumer_offsets-3, __consumer_offsets-2, __consumer_offsets-0, __consumer_offsets-1)
2026-06-27 02:50:23.275 [data-plane-kafka-request-handler-7] [] INFO  state.change.logger - [Broker id=0] Stopped fetchers as part of LeaderAndIsr request correlationId 7 from controller 0 epoch 1 as part of the become-leader transition for 5 partitions
2026-06-27 02:50:23.294 [data-plane-kafka-request-handler-7] [] INFO  kafka.log.UnifiedLog$ - [LogLoader partition=__consumer_offsets-3, dir=C:\Users\jitee\AppData\Local\Temp\spring.kafka.ea03d6d5-2200-4379-93d9-0dfdeb43c6a812398682178395571808] Loading producer state till offset 0 with message format version 2
2026-06-27 02:50:23.297 [data-plane-kafka-request-handler-7] [] INFO  kafka.log.LogManager - Created log for partition __consumer_offsets-3 in C:\Users\jitee\AppData\Local\Temp\spring.kafka.ea03d6d5-2200-4379-93d9-0dfdeb43c6a812398682178395571808\__consumer_offsets-3 with properties {cleanup.policy=compact, compression.type="producer", segment.bytes=104857600}
2026-06-27 02:50:23.299 [data-plane-kafka-request-handler-7] [] INFO  kafka.cluster.Partition - [Partition __consumer_offsets-3 broker=0] No checkpointed highwatermark is found for partition __consumer_offsets-3
2026-06-27 02:50:23.299 [data-plane-kafka-request-handler-7] [] INFO  kafka.cluster.Partition - [Partition __consumer_offsets-3 broker=0] Log loaded for partition __consumer_offsets-3 with initial high watermark 0
2026-06-27 02:50:23.299 [data-plane-kafka-request-handler-7] [] INFO  state.change.logger - [Broker id=0] Leader __consumer_offsets-3 with topic id Some(aD2g-81rRDGF4b_HOKjJZA) starts at leader epoch 0 from offset 0 with partition epoch 0, high watermark 0, ISR [0], adding replicas [] and removing replicas [] . Previous leader None and previous leader epoch was -1.
2026-06-27 02:50:23.318 [data-plane-kafka-request-handler-7] [] INFO  kafka.log.UnifiedLog$ - [LogLoader partition=__consumer_offsets-2, dir=C:\Users\jitee\AppData\Local\Temp\spring.kafka.ea03d6d5-2200-4379-93d9-0dfdeb43c6a812398682178395571808] Loading producer state till offset 0 with message format version 2
2026-06-27 02:50:23.320 [data-plane-kafka-request-handler-7] [] INFO  kafka.log.LogManager - Created log for partition __consumer_offsets-2 in C:\Users\jitee\AppData\Local\Temp\spring.kafka.ea03d6d5-2200-4379-93d9-0dfdeb43c6a812398682178395571808\__consumer_offsets-2 with properties {cleanup.policy=compact, compression.type="producer", segment.bytes=104857600}
2026-06-27 02:50:23.320 [data-plane-kafka-request-handler-7] [] INFO  kafka.cluster.Partition - [Partition __consumer_offsets-2 broker=0] No checkpointed highwatermark is found for partition __consumer_offsets-2
2026-06-27 02:50:23.321 [data-plane-kafka-request-handler-7] [] INFO  kafka.cluster.Partition - [Partition __consumer_offsets-2 broker=0] Log loaded for partition __consumer_offsets-2 with initial high watermark 0
2026-06-27 02:50:23.321 [data-plane-kafka-request-handler-7] [] INFO  state.change.logger - [Broker id=0] Leader __consumer_offsets-2 with topic id Some(aD2g-81rRDGF4b_HOKjJZA) starts at leader epoch 0 from offset 0 with partition epoch 0, high watermark 0, ISR [0], adding replicas [] and removing replicas [] . Previous leader None and previous leader epoch was -1.
2026-06-27 02:50:23.323 [main] [] INFO  o.s.b.t.c.SpringBootTestContextBootstrapper - Found @SpringBootConfiguration com.jiteen.claims.claim.ClaimServiceApplication for test class com.jiteen.claims.claim.domain.repository.ClaimRepositoryTest
2026-06-27 02:50:23.343 [data-plane-kafka-request-handler-7] [] INFO  kafka.log.UnifiedLog$ - [LogLoader partition=__consumer_offsets-4, dir=C:\Users\jitee\AppData\Local\Temp\spring.kafka.ea03d6d5-2200-4379-93d9-0dfdeb43c6a812398682178395571808] Loading producer state till offset 0 with message format version 2
2026-06-27 02:50:23.344 [data-plane-kafka-request-handler-7] [] INFO  kafka.log.LogManager - Created log for partition __consumer_offsets-4 in C:\Users\jitee\AppData\Local\Temp\spring.kafka.ea03d6d5-2200-4379-93d9-0dfdeb43c6a812398682178395571808\__consumer_offsets-4 with properties {cleanup.policy=compact, compression.type="producer", segment.bytes=104857600}
2026-06-27 02:50:23.344 [data-plane-kafka-request-handler-7] [] INFO  kafka.cluster.Partition - [Partition __consumer_offsets-4 broker=0] No checkpointed highwatermark is found for partition __consumer_offsets-4
2026-06-27 02:50:23.345 [data-plane-kafka-request-handler-7] [] INFO  kafka.cluster.Partition - [Partition __consumer_offsets-4 broker=0] Log loaded for partition __consumer_offsets-4 with initial high watermark 0
2026-06-27 02:50:23.345 [data-plane-kafka-request-handler-7] [] INFO  state.change.logger - [Broker id=0] Leader __consumer_offsets-4 with topic id Some(aD2g-81rRDGF4b_HOKjJZA) starts at leader epoch 0 from offset 0 with partition epoch 0, high watermark 0, ISR [0], adding replicas [] and removing replicas [] . Previous leader None and previous leader epoch was -1.
2026-06-27 02:50:23.365 [data-plane-kafka-request-handler-7] [] INFO  kafka.log.UnifiedLog$ - [LogLoader partition=__consumer_offsets-1, dir=C:\Users\jitee\AppData\Local\Temp\spring.kafka.ea03d6d5-2200-4379-93d9-0dfdeb43c6a812398682178395571808] Loading producer state till offset 0 with message format version 2
2026-06-27 02:50:23.367 [data-plane-kafka-request-handler-7] [] INFO  kafka.log.LogManager - Created log for partition __consumer_offsets-1 in C:\Users\jitee\AppData\Local\Temp\spring.kafka.ea03d6d5-2200-4379-93d9-0dfdeb43c6a812398682178395571808\__consumer_offsets-1 with properties {cleanup.policy=compact, compression.type="producer", segment.bytes=104857600}
2026-06-27 02:50:23.367 [data-plane-kafka-request-handler-7] [] INFO  kafka.cluster.Partition - [Partition __consumer_offsets-1 broker=0] No checkpointed highwatermark is found for partition __consumer_offsets-1
2026-06-27 02:50:23.368 [data-plane-kafka-request-handler-7] [] INFO  kafka.cluster.Partition - [Partition __consumer_offsets-1 broker=0] Log loaded for partition __consumer_offsets-1 with initial high watermark 0
2026-06-27 02:50:23.368 [data-plane-kafka-request-handler-7] [] INFO  state.change.logger - [Broker id=0] Leader __consumer_offsets-1 with topic id Some(aD2g-81rRDGF4b_HOKjJZA) starts at leader epoch 0 from offset 0 with partition epoch 0, high watermark 0, ISR [0], adding replicas [] and removing replicas [] . Previous leader None and previous leader epoch was -1.
2026-06-27 02:50:23.401 [data-plane-kafka-request-handler-7] [] INFO  kafka.log.UnifiedLog$ - [LogLoader partition=__consumer_offsets-0, dir=C:\Users\jitee\AppData\Local\Temp\spring.kafka.ea03d6d5-2200-4379-93d9-0dfdeb43c6a812398682178395571808] Loading producer state till offset 0 with message format version 2
2026-06-27 02:50:23.404 [data-plane-kafka-request-handler-7] [] INFO  kafka.log.LogManager - Created log for partition __consumer_offsets-0 in C:\Users\jitee\AppData\Local\Temp\spring.kafka.ea03d6d5-2200-4379-93d9-0dfdeb43c6a812398682178395571808\__consumer_offsets-0 with properties {cleanup.policy=compact, compression.type="producer", segment.bytes=104857600}
2026-06-27 02:50:23.412 [data-plane-kafka-request-handler-7] [] INFO  kafka.cluster.Partition - [Partition __consumer_offsets-0 broker=0] No checkpointed highwatermark is found for partition __consumer_offsets-0
2026-06-27 02:50:23.412 [data-plane-kafka-request-handler-7] [] INFO  kafka.cluster.Partition - [Partition __consumer_offsets-0 broker=0] Log loaded for partition __consumer_offsets-0 with initial high watermark 0
2026-06-27 02:50:23.413 [data-plane-kafka-request-handler-7] [] INFO  state.change.logger - [Broker id=0] Leader __consumer_offsets-0 with topic id Some(aD2g-81rRDGF4b_HOKjJZA) starts at leader epoch 0 from offset 0 with partition epoch 0, high watermark 0, ISR [0], adding replicas [] and removing replicas [] . Previous leader None and previous leader epoch was -1.
2026-06-27 02:50:23.428 [data-plane-kafka-request-handler-7] [] INFO  k.coordinator.group.GroupCoordinator - [GroupCoordinator 0]: Elected as the group coordinator for partition 3 in epoch 0
2026-06-27 02:50:23.432 [data-plane-kafka-request-handler-7] [] INFO  k.c.group.GroupMetadataManager - [GroupMetadataManager brokerId=0] Scheduling loading of offsets and group metadata from __consumer_offsets-3 for epoch 0

  .   ____          _            __ _ _
 /\\ / ___'_ __ _ _(_)_ __  __ _ \ \ \ \
( ( )\___ | '_ | '_| | '_ \/ _` | \ \ \ \
 \\/  ___)| |_)| | | | | || (_| |  ) ) ) )
  '  |____| .__|_| |_|_| |_\__, | / / / /
 =========|_|==============|___/=/_/_/_/

 :: Spring Boot ::                (v3.5.0)

2026-06-27 02:50:23.443 [data-plane-kafka-request-handler-7] [] INFO  k.coordinator.group.GroupCoordinator - [GroupCoordinator 0]: Elected as the group coordinator for partition 2 in epoch 0
2026-06-27 02:50:23.444 [data-plane-kafka-request-handler-7] [] INFO  k.c.group.GroupMetadataManager - [GroupMetadataManager brokerId=0] Scheduling loading of offsets and group metadata from __consumer_offsets-2 for epoch 0
2026-06-27 02:50:23.444 [data-plane-kafka-request-handler-7] [] INFO  k.coordinator.group.GroupCoordinator - [GroupCoordinator 0]: Elected as the group coordinator for partition 4 in epoch 0
2026-06-27 02:50:23.444 [data-plane-kafka-request-handler-7] [] INFO  k.c.group.GroupMetadataManager - [GroupMetadataManager brokerId=0] Scheduling loading of offsets and group metadata from __consumer_offsets-4 for epoch 0
2026-06-27 02:50:23.444 [data-plane-kafka-request-handler-7] [] INFO  k.coordinator.group.GroupCoordinator - [GroupCoordinator 0]: Elected as the group coordinator for partition 1 in epoch 0
2026-06-27 02:50:23.445 [data-plane-kafka-request-handler-7] [] INFO  k.c.group.GroupMetadataManager - [GroupMetadataManager brokerId=0] Scheduling loading of offsets and group metadata from __consumer_offsets-1 for epoch 0
2026-06-27 02:50:23.445 [data-plane-kafka-request-handler-7] [] INFO  k.coordinator.group.GroupCoordinator - [GroupCoordinator 0]: Elected as the group coordinator for partition 0 in epoch 0
2026-06-27 02:50:23.445 [data-plane-kafka-request-handler-7] [] INFO  k.c.group.GroupMetadataManager - [GroupMetadataManager brokerId=0] Scheduling loading of offsets and group metadata from __consumer_offsets-0 for epoch 0
2026-06-27 02:50:23.445 [data-plane-kafka-request-handler-7] [] INFO  state.change.logger - [Broker id=0] Finished LeaderAndIsr request in 181ms correlationId 7 from controller 0 for 5 partitions
2026-06-27 02:50:23.453 [data-plane-kafka-request-handler-1] [] INFO  state.change.logger - [Broker id=0] Add 5 partitions and deleted 0 partitions from metadata cache in response to UpdateMetadata request sent by controller 0 epoch 1 with correlation id 8
2026-06-27 02:50:23.462 [main] [] INFO  c.j.c.c.d.r.ClaimRepositoryTest - Starting ClaimRepositoryTest using Java 21.0.9 with PID 24372 (started by jitee in C:\Projects\ai-claims-processing-system\claim-service)
2026-06-27 02:50:23.462 [main] [] DEBUG c.j.c.c.d.r.ClaimRepositoryTest - Running with Spring Boot v3.5.0, Spring v6.2.7
2026-06-27 02:50:23.463 [main] [] INFO  c.j.c.c.d.r.ClaimRepositoryTest - The following 1 profile is active: "test"
2026-06-27 02:50:23.475 [group-metadata-manager-0] [] INFO  k.c.group.GroupMetadataManager - [GroupMetadataManager brokerId=0] Finished loading offsets and group metadata from __consumer_offsets-3 in 39 milliseconds for epoch 0, of which 11 milliseconds was spent in the scheduler.
2026-06-27 02:50:23.476 [group-metadata-manager-0] [] INFO  k.c.group.GroupMetadataManager - [GroupMetadataManager brokerId=0] Finished loading offsets and group metadata from __consumer_offsets-2 in 32 milliseconds for epoch 0, of which 32 milliseconds was spent in the scheduler.
2026-06-27 02:50:23.479 [group-metadata-manager-0] [] INFO  k.c.group.GroupMetadataManager - [GroupMetadataManager brokerId=0] Finished loading offsets and group metadata from __consumer_offsets-4 in 35 milliseconds for epoch 0, of which 32 milliseconds was spent in the scheduler.
2026-06-27 02:50:23.480 [group-metadata-manager-0] [] INFO  k.c.group.GroupMetadataManager - [GroupMetadataManager brokerId=0] Finished loading offsets and group metadata from __consumer_offsets-1 in 35 milliseconds for epoch 0, of which 34 milliseconds was spent in the scheduler.
2026-06-27 02:50:23.480 [group-metadata-manager-0] [] INFO  k.c.group.GroupMetadataManager - [GroupMetadataManager brokerId=0] Finished loading offsets and group metadata from __consumer_offsets-0 in 35 milliseconds for epoch 0, of which 35 milliseconds was spent in the scheduler.
2026-06-27 02:50:23.644 [org.springframework.kafka.KafkaListenerEndpointContainer#0-0-C-1] [] INFO  o.a.k.c.c.i.ConsumerCoordinator - [Consumer clientId=consumer-claim-service-test-group-1, groupId=claim-service-test-group] Discovered group coordinator localhost:57168 (id: 2147483647 rack: null)
2026-06-27 02:50:23.652 [org.springframework.kafka.KafkaListenerEndpointContainer#0-0-C-1] [] INFO  o.a.k.c.c.i.ConsumerCoordinator - [Consumer clientId=consumer-claim-service-test-group-1, groupId=claim-service-test-group] (Re-)joining group
2026-06-27 02:50:23.764 [data-plane-kafka-request-handler-1] [] INFO  k.coordinator.group.GroupCoordinator - [GroupCoordinator 0]: Dynamic member with unknown member id joins group claim-service-test-group in Empty state. Created a new member id consumer-claim-service-test-group-1-cd0eb729-99a7-4857-b6b3-42b85724d337 and request the member to rejoin with this id.
2026-06-27 02:50:23.772 [org.springframework.kafka.KafkaListenerEndpointContainer#0-0-C-1] [] INFO  o.a.k.c.c.i.ConsumerCoordinator - [Consumer clientId=consumer-claim-service-test-group-1, groupId=claim-service-test-group] Request joining group due to: need to re-join with the given member-id: consumer-claim-service-test-group-1-cd0eb729-99a7-4857-b6b3-42b85724d337
2026-06-27 02:50:23.773 [org.springframework.kafka.KafkaListenerEndpointContainer#0-0-C-1] [] INFO  o.a.k.c.c.i.ConsumerCoordinator - [Consumer clientId=consumer-claim-service-test-group-1, groupId=claim-service-test-group] (Re-)joining group
2026-06-27 02:50:23.802 [data-plane-kafka-request-handler-2] [] INFO  k.coordinator.group.GroupCoordinator - [GroupCoordinator 0]: Preparing to rebalance group claim-service-test-group in state PreparingRebalance with old generation 0 (__consumer_offsets-1) (reason: Adding new member consumer-claim-service-test-group-1-cd0eb729-99a7-4857-b6b3-42b85724d337 with group instance id None; client reason: need to re-join with the given member-id: consumer-claim-service-test-group-1-cd0eb729-99a7-4857-b6b3-42b85724d337)
2026-06-27 02:50:23.829 [executor-Rebalance] [] INFO  k.coordinator.group.GroupCoordinator - [GroupCoordinator 0]: Stabilized group claim-service-test-group generation 1 (__consumer_offsets-1) with 1 members
2026-06-27 02:50:23.833 [org.springframework.kafka.KafkaListenerEndpointContainer#0-0-C-1] [] INFO  o.a.k.c.c.i.ConsumerCoordinator - [Consumer clientId=consumer-claim-service-test-group-1, groupId=claim-service-test-group] Successfully joined group with generation Generation{generationId=1, memberId='consumer-claim-service-test-group-1-cd0eb729-99a7-4857-b6b3-42b85724d337', protocol='range'}
2026-06-27 02:50:23.844 [main] [] INFO  o.s.d.r.c.RepositoryConfigurationDelegate - Multiple Spring Data modules found, entering strict repository configuration mode
2026-06-27 02:50:23.844 [main] [] INFO  o.s.d.r.c.RepositoryConfigurationDelegate - Bootstrapping Spring Data JPA repositories in DEFAULT mode.
2026-06-27 02:50:23.854 [org.springframework.kafka.KafkaListenerEndpointContainer#0-0-C-1] [] INFO  o.a.k.c.c.i.ConsumerCoordinator - [Consumer clientId=consumer-claim-service-test-group-1, groupId=claim-service-test-group] Finished assignment for group at generation 1: {consumer-claim-service-test-group-1-cd0eb729-99a7-4857-b6b3-42b85724d337=Assignment(partitions=[ai-analysis-completed-topic-0])}
2026-06-27 02:50:23.876 [data-plane-kafka-request-handler-3] [] INFO  k.coordinator.group.GroupCoordinator - [GroupCoordinator 0]: Assignment received from leader consumer-claim-service-test-group-1-cd0eb729-99a7-4857-b6b3-42b85724d337 for group claim-service-test-group for generation 1. The group has 1 members, 0 of which are static.
2026-06-27 02:50:23.946 [main] [] INFO  o.s.d.r.c.RepositoryConfigurationDelegate - Finished Spring Data repository scanning in 97 ms. Found 4 JPA repository interfaces.
2026-06-27 02:50:23.971 [main] [] INFO  o.s.b.t.a.j.TestDatabaseAutoConfiguration$EmbeddedDataSourceBeanFactoryPostProcessor - Replacing 'dataSource' DataSource bean with embedded version
2026-06-27 02:50:24.018 [org.springframework.kafka.KafkaListenerEndpointContainer#0-0-C-1] [] INFO  o.a.k.c.c.i.ConsumerCoordinator - [Consumer clientId=consumer-claim-service-test-group-1, groupId=claim-service-test-group] Successfully synced group in generation Generation{generationId=1, memberId='consumer-claim-service-test-group-1-cd0eb729-99a7-4857-b6b3-42b85724d337', protocol='range'}
2026-06-27 02:50:24.020 [org.springframework.kafka.KafkaListenerEndpointContainer#0-0-C-1] [] INFO  o.a.k.c.c.i.ConsumerCoordinator - [Consumer clientId=consumer-claim-service-test-group-1, groupId=claim-service-test-group] Notifying assignor about the new Assignment(partitions=[ai-analysis-completed-topic-0])
2026-06-27 02:50:24.027 [main] [] INFO  o.s.j.d.e.EmbeddedDatabaseFactory - Starting embedded database: url='jdbc:h2:mem:d0c33869-7786-49a1-a9df-2e9a30fe7754;DB_CLOSE_DELAY=-1;DB_CLOSE_ON_EXIT=false', username='sa'
2026-06-27 02:50:24.030 [org.springframework.kafka.KafkaListenerEndpointContainer#0-0-C-1] [] INFO  o.a.k.c.c.i.ConsumerRebalanceListenerInvoker - [Consumer clientId=consumer-claim-service-test-group-1, groupId=claim-service-test-group] Adding newly assigned partitions: ai-analysis-completed-topic-0
2026-06-27 02:50:24.088 [org.springframework.kafka.KafkaListenerEndpointContainer#0-0-C-1] [] INFO  o.a.k.c.c.i.ConsumerCoordinator - [Consumer clientId=consumer-claim-service-test-group-1, groupId=claim-service-test-group] Found no committed offset for partition ai-analysis-completed-topic-0
2026-06-27 02:50:24.110 [main] [] INFO  o.h.jpa.internal.util.LogHelper - HHH000204: Processing PersistenceUnitInfo [name: default]
2026-06-27 02:50:24.122 [main] [] INFO  o.h.c.i.RegionFactoryInitiator - HHH000026: Second-level cache disabled
2026-06-27 02:50:24.139 [org.springframework.kafka.KafkaListenerEndpointContainer#0-0-C-1] [] INFO  o.a.k.c.c.i.SubscriptionState - [Consumer clientId=consumer-claim-service-test-group-1, groupId=claim-service-test-group] Resetting offset for partition ai-analysis-completed-topic-0 to position FetchPosition{offset=0, offsetEpoch=Optional.empty, currentLeader=LeaderAndEpoch{leader=Optional[localhost:57168 (id: 0 rack: null)], epoch=0}}.
2026-06-27 02:50:24.141 [org.springframework.kafka.KafkaListenerEndpointContainer#0-0-C-1] [] INFO  o.s.k.l.KafkaMessageListenerContainer - claim-service-test-group: partitions assigned: [ai-analysis-completed-topic-0]
2026-06-27 02:50:24.154 [main] [] INFO  o.s.o.j.p.SpringPersistenceUnitInfo - No LoadTimeWeaver setup: ignoring JPA class transformer
2026-06-27 02:50:24.159 [main] [] WARN  org.hibernate.orm.deprecation - HHH90000025: H2Dialect does not need to be specified explicitly using 'hibernate.dialect' (remove the property setting and it will be selected by default)
2026-06-27 02:50:24.160 [main] [] INFO  o.hibernate.orm.connections.pooling - HHH10001005: Database info:
	Database JDBC URL [Connecting through datasource 'org.springframework.jdbc.datasource.embedded.EmbeddedDatabaseFactory$EmbeddedDataSourceProxy@1e2eab74']
	Database driver: undefined/unknown
	Database version: 2.3.232
	Autocommit mode: undefined/unknown
	Isolation level: undefined/unknown
	Minimum pool size: undefined/unknown
	Maximum pool size: undefined/unknown
2026-06-27 02:50:24.350 [main] [] INFO  o.h.e.t.j.p.i.JtaPlatformInitiator - HHH000489: No JTA platform available (set 'hibernate.transaction.jta.platform' to enable JTA platform integration)
Hibernate: drop table if exists ai_analysis_results cascade 
Hibernate: drop table if exists claim_status_history cascade 
Hibernate: drop table if exists claims cascade 
Hibernate: drop table if exists documents cascade 
Hibernate: create table ai_analysis_results (claim_amount_extracted float(53), risk_score integer not null, created_at timestamp(6) not null, deleted_at timestamp(6), incident_date_extracted timestamp(6), processed_at timestamp(6), updated_at timestamp(6) not null, claim_id uuid not null unique, id uuid not null, policy_number varchar(100), recommended_action varchar(100), customer_name_extracted varchar(255), fraud_indicators TEXT, missing_documents TEXT, summary TEXT, primary key (id))
Hibernate: create table claim_status_history (changed_at timestamp(6) not null, id bigint generated by default as identity, claim_id uuid not null, changed_by varchar(255), new_status enum ('AI_REVIEW_COMPLETED','AI_REVIEW_IN_PROGRESS','APPROVED','CLOSED','DRAFT','MANUAL_REVIEW_REQUIRED','PAID','PAYMENT_PENDING','REJECTED','SUBMITTED','UNDER_REVIEW') not null, old_status enum ('AI_REVIEW_COMPLETED','AI_REVIEW_IN_PROGRESS','APPROVED','CLOSED','DRAFT','MANUAL_REVIEW_REQUIRED','PAID','PAYMENT_PENDING','REJECTED','SUBMITTED','UNDER_REVIEW') not null, primary key (id))
Hibernate: create table claims (claim_amount numeric(15,2) not null, created_at timestamp(6) not null, deleted_at timestamp(6), incident_date timestamp(6) not null, updated_at timestamp(6) not null, id uuid not null, claim_type varchar(100) not null, policy_number varchar(100) not null, claimant_name varchar(255) not null, description TEXT, status enum ('AI_REVIEW_COMPLETED','AI_REVIEW_IN_PROGRESS','APPROVED','CLOSED','DRAFT','MANUAL_REVIEW_REQUIRED','PAID','PAYMENT_PENDING','REJECTED','SUBMITTED','UNDER_REVIEW') not null, primary key (id))
Hibernate: create table documents (created_at timestamp(6) not null, deleted_at timestamp(6), file_size bigint not null, id bigint generated by default as identity, updated_at timestamp(6) not null, claim_id uuid not null, storage_provider varchar(20) not null, content_type varchar(100) not null, storage_path varchar(1000) not null, original_file_name varchar(255) not null, stored_file_name varchar(255) not null, upload_status enum ('DELETED','FAILED','PROCESSED','PROCESSING','UPLOADED') not null, primary key (id))
Hibernate: alter table if exists documents add constraint FKt96pcgmfm72vpvltr4aa836lh foreign key (claim_id) references claims
2026-06-27 02:50:24.369 [main] [] INFO  o.s.o.j.LocalContainerEntityManagerFactoryBean - Initialized JPA EntityManagerFactory for persistence unit 'default'
2026-06-27 02:50:24.496 [main] [] INFO  c.j.c.c.d.r.ClaimRepositoryTest - Started ClaimRepositoryTest in 1.167 seconds (process running for 32.448)
Hibernate: select c1_0.id from claims c1_0 where c1_0.id=? and c1_0.deleted_at is null fetch first ? rows only
]]></system-out>
  </testcase>
  <testcase name="shouldReturnFalseWhenExistsByIdAndSoftDeleted" classname="com.jiteen.claims.claim.domain.repository.ClaimRepositoryTest" time="0.072">
    <system-out><![CDATA[Hibernate: insert into claims (claim_amount,claim_type,claimant_name,created_at,deleted_at,description,incident_date,policy_number,status,updated_at,id) values (?,?,?,?,?,?,?,?,?,?,?)
Hibernate: select c1_0.id from claims c1_0 where c1_0.id=? and c1_0.deleted_at is null fetch first ? rows only
]]></system-out>
  </testcase>
  <testcase name="shouldReturnTrueWhenExistsByIdAndActive" classname="com.jiteen.claims.claim.domain.repository.ClaimRepositoryTest" time="0.016">
    <system-out><![CDATA[Hibernate: insert into claims (claim_amount,claim_type,claimant_name,created_at,deleted_at,description,incident_date,policy_number,status,updated_at,id) values (?,?,?,?,?,?,?,?,?,?,?)
Hibernate: select c1_0.id from claims c1_0 where c1_0.id=? and c1_0.deleted_at is null fetch first ? rows only
]]></system-out>
  </testcase>
  <testcase name="shouldReturnClaimsByPolicyNumber" classname="com.jiteen.claims.claim.domain.repository.ClaimRepositoryTest" time="0.068">
    <system-out><![CDATA[Hibernate: insert into claims (claim_amount,claim_type,claimant_name,created_at,deleted_at,description,incident_date,policy_number,status,updated_at,id) values (?,?,?,?,?,?,?,?,?,?,?)
Hibernate: insert into claims (claim_amount,claim_type,claimant_name,created_at,deleted_at,description,incident_date,policy_number,status,updated_at,id) values (?,?,?,?,?,?,?,?,?,?,?)
Hibernate: insert into claims (claim_amount,claim_type,claimant_name,created_at,deleted_at,description,incident_date,policy_number,status,updated_at,id) values (?,?,?,?,?,?,?,?,?,?,?)
Hibernate: insert into claims (claim_amount,claim_type,claimant_name,created_at,deleted_at,description,incident_date,policy_number,status,updated_at,id) values (?,?,?,?,?,?,?,?,?,?,?)
Hibernate: select c1_0.id,c1_0.claim_amount,c1_0.claim_type,c1_0.claimant_name,c1_0.created_at,c1_0.deleted_at,c1_0.description,c1_0.incident_date,c1_0.policy_number,c1_0.status,c1_0.updated_at from claims c1_0 where c1_0.policy_number=? and c1_0.deleted_at is null
]]></system-out>
  </testcase>
  <testcase name="shouldNotFindClaimByIdWhenSoftDeleted" classname="com.jiteen.claims.claim.domain.repository.ClaimRepositoryTest" time="0.02">
    <system-out><![CDATA[Hibernate: insert into claims (claim_amount,claim_type,claimant_name,created_at,deleted_at,description,incident_date,policy_number,status,updated_at,id) values (?,?,?,?,?,?,?,?,?,?,?)
Hibernate: select c1_0.id,c1_0.claim_amount,c1_0.claim_type,c1_0.claimant_name,c1_0.created_at,c1_0.deleted_at,c1_0.description,c1_0.incident_date,c1_0.policy_number,c1_0.status,c1_0.updated_at from claims c1_0 where c1_0.id=? and c1_0.deleted_at is null
]]></system-out>
  </testcase>
  <testcase name="shouldReturnClaimsByStatus" classname="com.jiteen.claims.claim.domain.repository.ClaimRepositoryTest" time="0.021">
    <system-out><![CDATA[Hibernate: insert into claims (claim_amount,claim_type,claimant_name,created_at,deleted_at,description,incident_date,policy_number,status,updated_at,id) values (?,?,?,?,?,?,?,?,?,?,?)
Hibernate: insert into claims (claim_amount,claim_type,claimant_name,created_at,deleted_at,description,incident_date,policy_number,status,updated_at,id) values (?,?,?,?,?,?,?,?,?,?,?)
Hibernate: insert into claims (claim_amount,claim_type,claimant_name,created_at,deleted_at,description,incident_date,policy_number,status,updated_at,id) values (?,?,?,?,?,?,?,?,?,?,?)
Hibernate: insert into claims (claim_amount,claim_type,claimant_name,created_at,deleted_at,description,incident_date,policy_number,status,updated_at,id) values (?,?,?,?,?,?,?,?,?,?,?)
Hibernate: select c1_0.id,c1_0.claim_amount,c1_0.claim_type,c1_0.claimant_name,c1_0.created_at,c1_0.deleted_at,c1_0.description,c1_0.incident_date,c1_0.policy_number,c1_0.status,c1_0.updated_at from claims c1_0 where c1_0.status=? and c1_0.deleted_at is null
]]></system-out>
  </testcase>
  <testcase name="shouldSearchClaimantNameIgnoringCase" classname="com.jiteen.claims.claim.domain.repository.ClaimRepositoryTest" time="0.045">
    <system-out><![CDATA[Hibernate: insert into claims (claim_amount,claim_type,claimant_name,created_at,deleted_at,description,incident_date,policy_number,status,updated_at,id) values (?,?,?,?,?,?,?,?,?,?,?)
Hibernate: insert into claims (claim_amount,claim_type,claimant_name,created_at,deleted_at,description,incident_date,policy_number,status,updated_at,id) values (?,?,?,?,?,?,?,?,?,?,?)
Hibernate: insert into claims (claim_amount,claim_type,claimant_name,created_at,deleted_at,description,incident_date,policy_number,status,updated_at,id) values (?,?,?,?,?,?,?,?,?,?,?)
Hibernate: insert into claims (claim_amount,claim_type,claimant_name,created_at,deleted_at,description,incident_date,policy_number,status,updated_at,id) values (?,?,?,?,?,?,?,?,?,?,?)
Hibernate: insert into claims (claim_amount,claim_type,claimant_name,created_at,deleted_at,description,incident_date,policy_number,status,updated_at,id) values (?,?,?,?,?,?,?,?,?,?,?)
Hibernate: select c1_0.id,c1_0.claim_amount,c1_0.claim_type,c1_0.claimant_name,c1_0.created_at,c1_0.deleted_at,c1_0.description,c1_0.incident_date,c1_0.policy_number,c1_0.status,c1_0.updated_at from claims c1_0 where upper(c1_0.claimant_name) like upper(?) escape '\' and c1_0.deleted_at is null
]]></system-out>
  </testcase>
  <testcase name="shouldCountClaimsByStatus" classname="com.jiteen.claims.claim.domain.repository.ClaimRepositoryTest" time="0.031">
    <system-out><![CDATA[Hibernate: insert into claims (claim_amount,claim_type,claimant_name,created_at,deleted_at,description,incident_date,policy_number,status,updated_at,id) values (?,?,?,?,?,?,?,?,?,?,?)
Hibernate: insert into claims (claim_amount,claim_type,claimant_name,created_at,deleted_at,description,incident_date,policy_number,status,updated_at,id) values (?,?,?,?,?,?,?,?,?,?,?)
Hibernate: insert into claims (claim_amount,claim_type,claimant_name,created_at,deleted_at,description,incident_date,policy_number,status,updated_at,id) values (?,?,?,?,?,?,?,?,?,?,?)
Hibernate: insert into claims (claim_amount,claim_type,claimant_name,created_at,deleted_at,description,incident_date,policy_number,status,updated_at,id) values (?,?,?,?,?,?,?,?,?,?,?)
Hibernate: select count(c1_0.id) from claims c1_0 where c1_0.status=? and c1_0.deleted_at is null
]]></system-out>
  </testcase>
  <testcase name="shouldFindClaimByIdWhenActive" classname="com.jiteen.claims.claim.domain.repository.ClaimRepositoryTest" time="0.014">
    <system-out><![CDATA[Hibernate: insert into claims (claim_amount,claim_type,claimant_name,created_at,deleted_at,description,incident_date,policy_number,status,updated_at,id) values (?,?,?,?,?,?,?,?,?,?,?)
Hibernate: select c1_0.id,c1_0.claim_amount,c1_0.claim_type,c1_0.claimant_name,c1_0.created_at,c1_0.deleted_at,c1_0.description,c1_0.incident_date,c1_0.policy_number,c1_0.status,c1_0.updated_at from claims c1_0 where c1_0.id=? and c1_0.deleted_at is null
]]></system-out>
  </testcase>
</testsuite>