<?xml version="1.0" encoding="UTF-8"?>
<testsuite xmlns:xsi="http://www.w3.org/2001/XMLSchema-instance" xsi:noNamespaceSchemaLocation="https://maven.apache.org/surefire/maven-surefire-plugin/xsd/surefire-test-report.xsd" version="3.0.2" name="com.jiteen.claims.claim.domain.repository.ClaimRepositoryTest" time="1.97" tests="9" errors="0" skipped="0" failures="0">
  <properties>
[...]
</properties>
  <testcase name="shouldReturnFalseWhenClaimDoesNotExist" classname="com.jiteen.claims.claim.domain.repository.ClaimRepositoryTest" time="0.397">
    <system-out><![CDATA[2026-06-14T22:12:29.085+05:30  INFO 15256 --- [claim-service] [           main] t.c.s.AnnotationConfigContextLoaderUtils : Could not detect default configuration classes for test class [com.jiteen.claims.claim.domain.repository.ClaimRepositoryTest]: ClaimRepositoryTest does not declare any static, non-private, non-final, nested classes annotated with @Configuration.
2026-06-14T22:12:29.126+05:30  INFO 15256 --- [claim-service] [           main] .b.t.c.SpringBootTestContextBootstrapper : Found @SpringBootConfiguration com.jiteen.claims.claim.ClaimServiceApplication for test class com.jiteen.claims.claim.domain.repository.ClaimRepositoryTest

  .   ____          _            __ _ _
 /\\ / ___'_ __ _ _(_)_ __  __ _ \ \ \ \
( ( )\___ | '_ | '_| | '_ \/ _` | \ \ \ \
 \\/  ___)| |_)| | | | | || (_| |  ) ) ) )
  '  |____| .__|_| |_|_| |_\__, | / / / /
 =========|_|==============|___/=/_/_/_/

 :: Spring Boot ::                (v3.5.0)

2026-06-14T22:12:29.203+05:30  INFO 15256 --- [claim-service] [           main] c.j.c.c.d.r.ClaimRepositoryTest          : Starting ClaimRepositoryTest using Java 21.0.9 with PID 15256 (started by jitee in C:\Projects\ai-claims-processing-system\claim-service)
2026-06-14T22:12:29.203+05:30  INFO 15256 --- [claim-service] [           main] c.j.c.c.d.r.ClaimRepositoryTest          : The following 1 profile is active: "test"
2026-06-14T22:12:29.334+05:30  INFO 15256 --- [claim-service] [           main] .s.d.r.c.RepositoryConfigurationDelegate : Bootstrapping Spring Data JPA repositories in DEFAULT mode.
2026-06-14T22:12:29.364+05:30  INFO 15256 --- [claim-service] [           main] .s.d.r.c.RepositoryConfigurationDelegate : Finished Spring Data repository scanning in 28 ms. Found 1 JPA repository interface.
2026-06-14T22:12:29.385+05:30  INFO 15256 --- [claim-service] [           main] beddedDataSourceBeanFactoryPostProcessor : Replacing 'dataSource' DataSource bean with embedded version
2026-06-14T22:12:29.428+05:30  INFO 15256 --- [claim-service] [           main] o.s.j.d.e.EmbeddedDatabaseFactory        : Starting embedded database: url='jdbc:h2:mem:797ec8fd-0538-41a5-a24b-885563044cf7;DB_CLOSE_DELAY=-1;DB_CLOSE_ON_EXIT=false', username='sa'
2026-06-14T22:12:29.819+05:30  INFO 15256 --- [claim-service] [           main] org.flywaydb.core.FlywayExecutor         : Database: jdbc:h2:mem:797ec8fd-0538-41a5-a24b-885563044cf7 (H2 2.3)
2026-06-14T22:12:29.837+05:30  INFO 15256 --- [claim-service] [           main] o.f.c.i.s.JdbcTableSchemaHistory         : Schema history table "PUBLIC"."flyway_schema_history" does not exist yet
2026-06-14T22:12:29.838+05:30  INFO 15256 --- [claim-service] [           main] o.f.core.internal.command.DbValidate     : Successfully validated 1 migration (execution time 00:00.006s)
2026-06-14T22:12:29.844+05:30  INFO 15256 --- [claim-service] [           main] o.f.c.i.s.JdbcTableSchemaHistory         : Creating Schema History table "PUBLIC"."flyway_schema_history" ...
2026-06-14T22:12:29.880+05:30  INFO 15256 --- [claim-service] [           main] o.f.core.internal.command.DbMigrate      : Current version of schema "PUBLIC": << Empty Schema >>
2026-06-14T22:12:29.890+05:30  INFO 15256 --- [claim-service] [           main] o.f.core.internal.command.DbMigrate      : Migrating schema "PUBLIC" to version "1 - create claims table"
2026-06-14T22:12:29.909+05:30  INFO 15256 --- [claim-service] [           main] o.f.core.internal.command.DbMigrate      : Successfully applied 1 migration to schema "PUBLIC", now at version v1 (execution time 00:00.005s)
2026-06-14T22:12:29.939+05:30  INFO 15256 --- [claim-service] [           main] o.hibernate.jpa.internal.util.LogHelper  : HHH000204: Processing PersistenceUnitInfo [name: default]
2026-06-14T22:12:29.944+05:30  INFO 15256 --- [claim-service] [           main] o.h.c.internal.RegionFactoryInitiator    : HHH000026: Second-level cache disabled
2026-06-14T22:12:29.973+05:30  INFO 15256 --- [claim-service] [           main] o.s.o.j.p.SpringPersistenceUnitInfo      : No LoadTimeWeaver setup: ignoring JPA class transformer
2026-06-14T22:12:29.994+05:30  INFO 15256 --- [claim-service] [           main] org.hibernate.orm.connections.pooling    : HHH10001005: Database info:
	Database JDBC URL [Connecting through datasource 'org.springframework.jdbc.datasource.embedded.EmbeddedDatabaseFactory$EmbeddedDataSourceProxy@7f2c223b']
	Database driver: undefined/unknown
	Database version: 2.3.232
	Autocommit mode: undefined/unknown
	Isolation level: undefined/unknown
	Minimum pool size: undefined/unknown
	Maximum pool size: undefined/unknown
2026-06-14T22:12:30.130+05:30  INFO 15256 --- [claim-service] [           main] o.h.e.t.j.p.i.JtaPlatformInitiator       : HHH000489: No JTA platform available (set 'hibernate.transaction.jta.platform' to enable JTA platform integration)
2026-06-14T22:12:30.134+05:30  INFO 15256 --- [claim-service] [           main] j.LocalContainerEntityManagerFactoryBean : Initialized JPA EntityManagerFactory for persistence unit 'default'
2026-06-14T22:12:30.227+05:30  INFO 15256 --- [claim-service] [           main] c.j.c.c.d.r.ClaimRepositoryTest          : Started ClaimRepositoryTest in 1.095 seconds (process running for 17.482)
2026-06-14T22:12:30.583+05:30 DEBUG 15256 --- [claim-service] [           main] org.hibernate.SQL                        : select c1_0.id from claims c1_0 where c1_0.id=? and c1_0.deleted_at is null fetch first ? rows only
Hibernate: select c1_0.id from claims c1_0 where c1_0.id=? and c1_0.deleted_at is null fetch first ? rows only
2026-06-14T22:12:30.585+05:30 TRACE 15256 --- [claim-service] [           main] org.hibernate.orm.jdbc.bind              : binding parameter (1:UUID) <- [8bc7ffe1-e413-4eca-b7b7-dae130a46f7e]
2026-06-14T22:12:30.592+05:30 TRACE 15256 --- [claim-service] [           main] org.hibernate.orm.jdbc.bind              : binding parameter (2:INTEGER) <- [1]
]]></system-out>
  </testcase>
  <testcase name="shouldReturnFalseWhenExistsByIdAndSoftDeleted" classname="com.jiteen.claims.claim.domain.repository.ClaimRepositoryTest" time="0.093">
    <system-out><![CDATA[2026-06-14T22:12:30.701+05:30 DEBUG 15256 --- [claim-service] [           main] org.hibernate.SQL                        : insert into claims (claim_amount,claim_type,claimant_name,created_at,deleted_at,description,incident_date,policy_number,status,updated_at,id) values (?,?,?,?,?,?,?,?,?,?,?)
Hibernate: insert into claims (claim_amount,claim_type,claimant_name,created_at,deleted_at,description,incident_date,policy_number,status,updated_at,id) values (?,?,?,?,?,?,?,?,?,?,?)
2026-06-14T22:12:30.703+05:30 TRACE 15256 --- [claim-service] [           main] org.hibernate.orm.jdbc.bind              : binding parameter (1:NUMERIC) <- [750.00]
2026-06-14T22:12:30.704+05:30 TRACE 15256 --- [claim-service] [           main] org.hibernate.orm.jdbc.bind              : binding parameter (2:VARCHAR) <- [AUTO]
2026-06-14T22:12:30.704+05:30 TRACE 15256 --- [claim-service] [           main] org.hibernate.orm.jdbc.bind              : binding parameter (3:VARCHAR) <- [Bob Jones]
2026-06-14T22:12:30.704+05:30 TRACE 15256 --- [claim-service] [           main] org.hibernate.orm.jdbc.bind              : binding parameter (4:TIMESTAMP) <- [2026-06-14T22:12:30.643518200]
2026-06-14T22:12:30.704+05:30 TRACE 15256 --- [claim-service] [           main] org.hibernate.orm.jdbc.bind              : binding parameter (5:TIMESTAMP) <- [2026-06-13T22:12:30.635341800]
2026-06-14T22:12:30.705+05:30 TRACE 15256 --- [claim-service] [           main] org.hibernate.orm.jdbc.bind              : binding parameter (6:VARCHAR) <- [Automated transactional validation query performance assertion payload scenario.]
2026-06-14T22:12:30.705+05:30 TRACE 15256 --- [claim-service] [           main] org.hibernate.orm.jdbc.bind              : binding parameter (7:TIMESTAMP) <- [2026-06-09T22:12:30.635341800]
2026-06-14T22:12:30.705+05:30 TRACE 15256 --- [claim-service] [           main] org.hibernate.orm.jdbc.bind              : binding parameter (8:VARCHAR) <- [POL-400]
2026-06-14T22:12:30.705+05:30 TRACE 15256 --- [claim-service] [           main] org.hibernate.orm.jdbc.bind              : binding parameter (9:ENUM) <- [REJECTED]
2026-06-14T22:12:30.705+05:30 TRACE 15256 --- [claim-service] [           main] org.hibernate.orm.jdbc.bind              : binding parameter (10:TIMESTAMP) <- [2026-06-14T22:12:30.643518200]
2026-06-14T22:12:30.706+05:30 TRACE 15256 --- [claim-service] [           main] org.hibernate.orm.jdbc.bind              : binding parameter (11:UUID) <- [ad7f2673-0635-4dcc-89cb-d376a9700e10]
2026-06-14T22:12:30.714+05:30 DEBUG 15256 --- [claim-service] [           main] org.hibernate.SQL                        : select c1_0.id from claims c1_0 where c1_0.id=? and c1_0.deleted_at is null fetch first ? rows only
Hibernate: select c1_0.id from claims c1_0 where c1_0.id=? and c1_0.deleted_at is null fetch first ? rows only
2026-06-14T22:12:30.715+05:30 TRACE 15256 --- [claim-service] [           main] org.hibernate.orm.jdbc.bind              : binding parameter (1:UUID) <- [ad7f2673-0635-4dcc-89cb-d376a9700e10]
2026-06-14T22:12:30.716+05:30 TRACE 15256 --- [claim-service] [           main] org.hibernate.orm.jdbc.bind              : binding parameter (2:INTEGER) <- [1]
]]></system-out>
  </testcase>
  <testcase name="shouldReturnTrueWhenExistsByIdAndActive" classname="com.jiteen.claims.claim.domain.repository.ClaimRepositoryTest" time="0.02">
    <system-out><![CDATA[2026-06-14T22:12:30.731+05:30 DEBUG 15256 --- [claim-service] [           main] org.hibernate.SQL                        : insert into claims (claim_amount,claim_type,claimant_name,created_at,deleted_at,description,incident_date,policy_number,status,updated_at,id) values (?,?,?,?,?,?,?,?,?,?,?)
Hibernate: insert into claims (claim_amount,claim_type,claimant_name,created_at,deleted_at,description,incident_date,policy_number,status,updated_at,id) values (?,?,?,?,?,?,?,?,?,?,?)
2026-06-14T22:12:30.732+05:30 TRACE 15256 --- [claim-service] [           main] org.hibernate.orm.jdbc.bind              : binding parameter (1:NUMERIC) <- [5000.00]
2026-06-14T22:12:30.733+05:30 TRACE 15256 --- [claim-service] [           main] org.hibernate.orm.jdbc.bind              : binding parameter (2:VARCHAR) <- [AUTO]
2026-06-14T22:12:30.733+05:30 TRACE 15256 --- [claim-service] [           main] org.hibernate.orm.jdbc.bind              : binding parameter (3:VARCHAR) <- [Alice Smith]
2026-06-14T22:12:30.733+05:30 TRACE 15256 --- [claim-service] [           main] org.hibernate.orm.jdbc.bind              : binding parameter (4:TIMESTAMP) <- [2026-06-14T22:12:30.730528400]
2026-06-14T22:12:30.734+05:30 TRACE 15256 --- [claim-service] [           main] org.hibernate.orm.jdbc.bind              : binding parameter (5:TIMESTAMP) <- [null]
2026-06-14T22:12:30.734+05:30 TRACE 15256 --- [claim-service] [           main] org.hibernate.orm.jdbc.bind              : binding parameter (6:VARCHAR) <- [Automated transactional validation query performance assertion payload scenario.]
2026-06-14T22:12:30.734+05:30 TRACE 15256 --- [claim-service] [           main] org.hibernate.orm.jdbc.bind              : binding parameter (7:TIMESTAMP) <- [2026-06-09T22:12:30.730528400]
2026-06-14T22:12:30.734+05:30 TRACE 15256 --- [claim-service] [           main] org.hibernate.orm.jdbc.bind              : binding parameter (8:VARCHAR) <- [POL-300]
2026-06-14T22:12:30.734+05:30 TRACE 15256 --- [claim-service] [           main] org.hibernate.orm.jdbc.bind              : binding parameter (9:ENUM) <- [APPROVED]
2026-06-14T22:12:30.735+05:30 TRACE 15256 --- [claim-service] [           main] org.hibernate.orm.jdbc.bind              : binding parameter (10:TIMESTAMP) <- [2026-06-14T22:12:30.730528400]
2026-06-14T22:12:30.735+05:30 TRACE 15256 --- [claim-service] [           main] org.hibernate.orm.jdbc.bind              : binding parameter (11:UUID) <- [cccdb4ad-64c9-4be8-a461-c343e23d3270]
2026-06-14T22:12:30.738+05:30 DEBUG 15256 --- [claim-service] [           main] org.hibernate.SQL                        : select c1_0.id from claims c1_0 where c1_0.id=? and c1_0.deleted_at is null fetch first ? rows only
Hibernate: select c1_0.id from claims c1_0 where c1_0.id=? and c1_0.deleted_at is null fetch first ? rows only
2026-06-14T22:12:30.738+05:30 TRACE 15256 --- [claim-service] [           main] org.hibernate.orm.jdbc.bind              : binding parameter (1:UUID) <- [cccdb4ad-64c9-4be8-a461-c343e23d3270]
2026-06-14T22:12:30.738+05:30 TRACE 15256 --- [claim-service] [           main] org.hibernate.orm.jdbc.bind              : binding parameter (2:INTEGER) <- [1]
]]></system-out>
  </testcase>
  <testcase name="shouldReturnClaimsByPolicyNumber" classname="com.jiteen.claims.claim.domain.repository.ClaimRepositoryTest" time="0.073">
    <system-out><![CDATA[2026-06-14T22:12:30.753+05:30 DEBUG 15256 --- [claim-service] [           main] org.hibernate.SQL                        : insert into claims (claim_amount,claim_type,claimant_name,created_at,deleted_at,description,incident_date,policy_number,status,updated_at,id) values (?,?,?,?,?,?,?,?,?,?,?)
Hibernate: insert into claims (claim_amount,claim_type,claimant_name,created_at,deleted_at,description,incident_date,policy_number,status,updated_at,id) values (?,?,?,?,?,?,?,?,?,?,?)
2026-06-14T22:12:30.753+05:30 TRACE 15256 --- [claim-service] [           main] org.hibernate.orm.jdbc.bind              : binding parameter (1:NUMERIC) <- [1200.00]
2026-06-14T22:12:30.753+05:30 TRACE 15256 --- [claim-service] [           main] org.hibernate.orm.jdbc.bind              : binding parameter (2:VARCHAR) <- [AUTO]
2026-06-14T22:12:30.753+05:30 TRACE 15256 --- [claim-service] [           main] org.hibernate.orm.jdbc.bind              : binding parameter (3:VARCHAR) <- [User One]
2026-06-14T22:12:30.754+05:30 TRACE 15256 --- [claim-service] [           main] org.hibernate.orm.jdbc.bind              : binding parameter (4:TIMESTAMP) <- [2026-06-14T22:12:30.752108500]
2026-06-14T22:12:30.754+05:30 TRACE 15256 --- [claim-service] [           main] org.hibernate.orm.jdbc.bind              : binding parameter (5:TIMESTAMP) <- [null]
2026-06-14T22:12:30.754+05:30 TRACE 15256 --- [claim-service] [           main] org.hibernate.orm.jdbc.bind              : binding parameter (6:VARCHAR) <- [Automated transactional validation query performance assertion payload scenario.]
2026-06-14T22:12:30.754+05:30 TRACE 15256 --- [claim-service] [           main] org.hibernate.orm.jdbc.bind              : binding parameter (7:TIMESTAMP) <- [2026-06-09T22:12:30.752108500]
2026-06-14T22:12:30.754+05:30 TRACE 15256 --- [claim-service] [           main] org.hibernate.orm.jdbc.bind              : binding parameter (8:VARCHAR) <- [POL-999-MATCH]
2026-06-14T22:12:30.754+05:30 TRACE 15256 --- [claim-service] [           main] org.hibernate.orm.jdbc.bind              : binding parameter (9:ENUM) <- [SUBMITTED]
2026-06-14T22:12:30.754+05:30 TRACE 15256 --- [claim-service] [           main] org.hibernate.orm.jdbc.bind              : binding parameter (10:TIMESTAMP) <- [2026-06-14T22:12:30.752108500]
2026-06-14T22:12:30.754+05:30 TRACE 15256 --- [claim-service] [           main] org.hibernate.orm.jdbc.bind              : binding parameter (11:UUID) <- [74c28ab1-0547-4c64-a3ff-ae3a33b06a5f]
2026-06-14T22:12:30.756+05:30 DEBUG 15256 --- [claim-service] [           main] org.hibernate.SQL                        : insert into claims (claim_amount,claim_type,claimant_name,created_at,deleted_at,description,incident_date,policy_number,status,updated_at,id) values (?,?,?,?,?,?,?,?,?,?,?)
Hibernate: insert into claims (claim_amount,claim_type,claimant_name,created_at,deleted_at,description,incident_date,policy_number,status,updated_at,id) values (?,?,?,?,?,?,?,?,?,?,?)
2026-06-14T22:12:30.757+05:30 TRACE 15256 --- [claim-service] [           main] org.hibernate.orm.jdbc.bind              : binding parameter (1:NUMERIC) <- [4500.00]
2026-06-14T22:12:30.757+05:30 TRACE 15256 --- [claim-service] [           main] org.hibernate.orm.jdbc.bind              : binding parameter (2:VARCHAR) <- [AUTO]
2026-06-14T22:12:30.757+05:30 TRACE 15256 --- [claim-service] [           main] org.hibernate.orm.jdbc.bind              : binding parameter (3:VARCHAR) <- [User One Second Loss]
2026-06-14T22:12:30.757+05:30 TRACE 15256 --- [claim-service] [           main] org.hibernate.orm.jdbc.bind              : binding parameter (4:TIMESTAMP) <- [2026-06-14T22:12:30.756124900]
2026-06-14T22:12:30.757+05:30 TRACE 15256 --- [claim-service] [           main] org.hibernate.orm.jdbc.bind              : binding parameter (5:TIMESTAMP) <- [null]
2026-06-14T22:12:30.757+05:30 TRACE 15256 --- [claim-service] [           main] org.hibernate.orm.jdbc.bind              : binding parameter (6:VARCHAR) <- [Automated transactional validation query performance assertion payload scenario.]
2026-06-14T22:12:30.757+05:30 TRACE 15256 --- [claim-service] [           main] org.hibernate.orm.jdbc.bind              : binding parameter (7:TIMESTAMP) <- [2026-06-09T22:12:30.756124900]
2026-06-14T22:12:30.757+05:30 TRACE 15256 --- [claim-service] [           main] org.hibernate.orm.jdbc.bind              : binding parameter (8:VARCHAR) <- [POL-999-MATCH]
2026-06-14T22:12:30.757+05:30 TRACE 15256 --- [claim-service] [           main] org.hibernate.orm.jdbc.bind              : binding parameter (9:ENUM) <- [UNDER_REVIEW]
2026-06-14T22:12:30.757+05:30 TRACE 15256 --- [claim-service] [           main] org.hibernate.orm.jdbc.bind              : binding parameter (10:TIMESTAMP) <- [2026-06-14T22:12:30.756124900]
2026-06-14T22:12:30.758+05:30 TRACE 15256 --- [claim-service] [           main] org.hibernate.orm.jdbc.bind              : binding parameter (11:UUID) <- [65fd20d9-2c5c-4802-9cf0-97e3ac2ddae4]
2026-06-14T22:12:30.759+05:30 DEBUG 15256 --- [claim-service] [           main] org.hibernate.SQL                        : insert into claims (claim_amount,claim_type,claimant_name,created_at,deleted_at,description,incident_date,policy_number,status,updated_at,id) values (?,?,?,?,?,?,?,?,?,?,?)
Hibernate: insert into claims (claim_amount,claim_type,claimant_name,created_at,deleted_at,description,incident_date,policy_number,status,updated_at,id) values (?,?,?,?,?,?,?,?,?,?,?)
2026-06-14T22:12:30.759+05:30 TRACE 15256 --- [claim-service] [           main] org.hibernate.orm.jdbc.bind              : binding parameter (1:NUMERIC) <- [600.00]
2026-06-14T22:12:30.759+05:30 TRACE 15256 --- [claim-service] [           main] org.hibernate.orm.jdbc.bind              : binding parameter (2:VARCHAR) <- [AUTO]
2026-06-14T22:12:30.759+05:30 TRACE 15256 --- [claim-service] [           main] org.hibernate.orm.jdbc.bind              : binding parameter (3:VARCHAR) <- [User Two]
2026-06-14T22:12:30.759+05:30 TRACE 15256 --- [claim-service] [           main] org.hibernate.orm.jdbc.bind              : binding parameter (4:TIMESTAMP) <- [2026-06-14T22:12:30.758126100]
2026-06-14T22:12:30.759+05:30 TRACE 15256 --- [claim-service] [           main] org.hibernate.orm.jdbc.bind              : binding parameter (5:TIMESTAMP) <- [null]
2026-06-14T22:12:30.759+05:30 TRACE 15256 --- [claim-service] [           main] org.hibernate.orm.jdbc.bind              : binding parameter (6:VARCHAR) <- [Automated transactional validation query performance assertion payload scenario.]
2026-06-14T22:12:30.760+05:30 TRACE 15256 --- [claim-service] [           main] org.hibernate.orm.jdbc.bind              : binding parameter (7:TIMESTAMP) <- [2026-06-09T22:12:30.758126100]
2026-06-14T22:12:30.760+05:30 TRACE 15256 --- [claim-service] [           main] org.hibernate.orm.jdbc.bind              : binding parameter (8:VARCHAR) <- [POL-DIFFERENT]
2026-06-14T22:12:30.760+05:30 TRACE 15256 --- [claim-service] [           main] org.hibernate.orm.jdbc.bind              : binding parameter (9:ENUM) <- [SUBMITTED]
2026-06-14T22:12:30.760+05:30 TRACE 15256 --- [claim-service] [           main] org.hibernate.orm.jdbc.bind              : binding parameter (10:TIMESTAMP) <- [2026-06-14T22:12:30.758126100]
2026-06-14T22:12:30.760+05:30 TRACE 15256 --- [claim-service] [           main] org.hibernate.orm.jdbc.bind              : binding parameter (11:UUID) <- [60e5c749-b7fd-486c-bcda-edf1588cb707]
2026-06-14T22:12:30.761+05:30 DEBUG 15256 --- [claim-service] [           main] org.hibernate.SQL                        : insert into claims (claim_amount,claim_type,claimant_name,created_at,deleted_at,description,incident_date,policy_number,status,updated_at,id) values (?,?,?,?,?,?,?,?,?,?,?)
Hibernate: insert into claims (claim_amount,claim_type,claimant_name,created_at,deleted_at,description,incident_date,policy_number,status,updated_at,id) values (?,?,?,?,?,?,?,?,?,?,?)
2026-06-14T22:12:30.761+05:30 TRACE 15256 --- [claim-service] [           main] org.hibernate.orm.jdbc.bind              : binding parameter (1:NUMERIC) <- [90.00]
2026-06-14T22:12:30.761+05:30 TRACE 15256 --- [claim-service] [           main] org.hibernate.orm.jdbc.bind              : binding parameter (2:VARCHAR) <- [AUTO]
2026-06-14T22:12:30.761+05:30 TRACE 15256 --- [claim-service] [           main] org.hibernate.orm.jdbc.bind              : binding parameter (3:VARCHAR) <- [User One Old Soft Deleted]
2026-06-14T22:12:30.762+05:30 TRACE 15256 --- [claim-service] [           main] org.hibernate.orm.jdbc.bind              : binding parameter (4:TIMESTAMP) <- [2026-06-14T22:12:30.761125200]
2026-06-14T22:12:30.762+05:30 TRACE 15256 --- [claim-service] [           main] org.hibernate.orm.jdbc.bind              : binding parameter (5:TIMESTAMP) <- [2026-06-13T22:12:30.760126500]
2026-06-14T22:12:30.762+05:30 TRACE 15256 --- [claim-service] [           main] org.hibernate.orm.jdbc.bind              : binding parameter (6:VARCHAR) <- [Automated transactional validation query performance assertion payload scenario.]
2026-06-14T22:12:30.762+05:30 TRACE 15256 --- [claim-service] [           main] org.hibernate.orm.jdbc.bind              : binding parameter (7:TIMESTAMP) <- [2026-06-09T22:12:30.760126500]
2026-06-14T22:12:30.762+05:30 TRACE 15256 --- [claim-service] [           main] org.hibernate.orm.jdbc.bind              : binding parameter (8:VARCHAR) <- [POL-999-MATCH]
2026-06-14T22:12:30.762+05:30 TRACE 15256 --- [claim-service] [           main] org.hibernate.orm.jdbc.bind              : binding parameter (9:ENUM) <- [REJECTED]
2026-06-14T22:12:30.762+05:30 TRACE 15256 --- [claim-service] [           main] org.hibernate.orm.jdbc.bind              : binding parameter (10:TIMESTAMP) <- [2026-06-14T22:12:30.761125200]
2026-06-14T22:12:30.762+05:30 TRACE 15256 --- [claim-service] [           main] org.hibernate.orm.jdbc.bind              : binding parameter (11:UUID) <- [fb8959d5-55f6-423e-8d14-f25e40a5dc45]
2026-06-14T22:12:30.783+05:30 DEBUG 15256 --- [claim-service] [           main] org.hibernate.SQL                        : select c1_0.id,c1_0.claim_amount,c1_0.claim_type,c1_0.claimant_name,c1_0.created_at,c1_0.deleted_at,c1_0.description,c1_0.incident_date,c1_0.policy_number,c1_0.status,c1_0.updated_at from claims c1_0 where c1_0.policy_number=? and c1_0.deleted_at is null
Hibernate: select c1_0.id,c1_0.claim_amount,c1_0.claim_type,c1_0.claimant_name,c1_0.created_at,c1_0.deleted_at,c1_0.description,c1_0.incident_date,c1_0.policy_number,c1_0.status,c1_0.updated_at from claims c1_0 where c1_0.policy_number=? and c1_0.deleted_at is null
2026-06-14T22:12:30.784+05:30 TRACE 15256 --- [claim-service] [           main] org.hibernate.orm.jdbc.bind              : binding parameter (1:VARCHAR) <- [POL-999-MATCH]
]]></system-out>
  </testcase>
  <testcase name="shouldNotFindClaimByIdWhenSoftDeleted" classname="com.jiteen.claims.claim.domain.repository.ClaimRepositoryTest" time="0.029">
    <system-out><![CDATA[2026-06-14T22:12:30.826+05:30 DEBUG 15256 --- [claim-service] [           main] org.hibernate.SQL                        : insert into claims (claim_amount,claim_type,claimant_name,created_at,deleted_at,description,incident_date,policy_number,status,updated_at,id) values (?,?,?,?,?,?,?,?,?,?,?)
Hibernate: insert into claims (claim_amount,claim_type,claimant_name,created_at,deleted_at,description,incident_date,policy_number,status,updated_at,id) values (?,?,?,?,?,?,?,?,?,?,?)
2026-06-14T22:12:30.827+05:30 TRACE 15256 --- [claim-service] [           main] org.hibernate.orm.jdbc.bind              : binding parameter (1:NUMERIC) <- [2500.00]
2026-06-14T22:12:30.827+05:30 TRACE 15256 --- [claim-service] [           main] org.hibernate.orm.jdbc.bind              : binding parameter (2:VARCHAR) <- [AUTO]
2026-06-14T22:12:30.827+05:30 TRACE 15256 --- [claim-service] [           main] org.hibernate.orm.jdbc.bind              : binding parameter (3:VARCHAR) <- [Jane Doe]
2026-06-14T22:12:30.828+05:30 TRACE 15256 --- [claim-service] [           main] org.hibernate.orm.jdbc.bind              : binding parameter (4:TIMESTAMP) <- [2026-06-14T22:12:30.825160900]
2026-06-14T22:12:30.828+05:30 TRACE 15256 --- [claim-service] [           main] org.hibernate.orm.jdbc.bind              : binding parameter (5:TIMESTAMP) <- [2026-06-13T22:12:30.825160900]
2026-06-14T22:12:30.828+05:30 TRACE 15256 --- [claim-service] [           main] org.hibernate.orm.jdbc.bind              : binding parameter (6:VARCHAR) <- [Automated transactional validation query performance assertion payload scenario.]
2026-06-14T22:12:30.828+05:30 TRACE 15256 --- [claim-service] [           main] org.hibernate.orm.jdbc.bind              : binding parameter (7:TIMESTAMP) <- [2026-06-09T22:12:30.825160900]
2026-06-14T22:12:30.829+05:30 TRACE 15256 --- [claim-service] [           main] org.hibernate.orm.jdbc.bind              : binding parameter (8:VARCHAR) <- [POL-200]
2026-06-14T22:12:30.829+05:30 TRACE 15256 --- [claim-service] [           main] org.hibernate.orm.jdbc.bind              : binding parameter (9:ENUM) <- [UNDER_REVIEW]
2026-06-14T22:12:30.829+05:30 TRACE 15256 --- [claim-service] [           main] org.hibernate.orm.jdbc.bind              : binding parameter (10:TIMESTAMP) <- [2026-06-14T22:12:30.825160900]
2026-06-14T22:12:30.829+05:30 TRACE 15256 --- [claim-service] [           main] org.hibernate.orm.jdbc.bind              : binding parameter (11:UUID) <- [a1edbbcb-7112-4e24-af20-e0957e6ac4a3]
2026-06-14T22:12:30.838+05:30 DEBUG 15256 --- [claim-service] [           main] org.hibernate.SQL                        : select c1_0.id,c1_0.claim_amount,c1_0.claim_type,c1_0.claimant_name,c1_0.created_at,c1_0.deleted_at,c1_0.description,c1_0.incident_date,c1_0.policy_number,c1_0.status,c1_0.updated_at from claims c1_0 where c1_0.id=? and c1_0.deleted_at is null
Hibernate: select c1_0.id,c1_0.claim_amount,c1_0.claim_type,c1_0.claimant_name,c1_0.created_at,c1_0.deleted_at,c1_0.description,c1_0.incident_date,c1_0.policy_number,c1_0.status,c1_0.updated_at from claims c1_0 where c1_0.id=? and c1_0.deleted_at is null
2026-06-14T22:12:30.839+05:30 TRACE 15256 --- [claim-service] [           main] org.hibernate.orm.jdbc.bind              : binding parameter (1:UUID) <- [a1edbbcb-7112-4e24-af20-e0957e6ac4a3]
]]></system-out>
  </testcase>
  <testcase name="shouldReturnClaimsByStatus" classname="com.jiteen.claims.claim.domain.repository.ClaimRepositoryTest" time="0.028">
    <system-out><![CDATA[2026-06-14T22:12:30.856+05:30 DEBUG 15256 --- [claim-service] [           main] org.hibernate.SQL                        : insert into claims (claim_amount,claim_type,claimant_name,created_at,deleted_at,description,incident_date,policy_number,status,updated_at,id) values (?,?,?,?,?,?,?,?,?,?,?)
Hibernate: insert into claims (claim_amount,claim_type,claimant_name,created_at,deleted_at,description,incident_date,policy_number,status,updated_at,id) values (?,?,?,?,?,?,?,?,?,?,?)
2026-06-14T22:12:30.856+05:30 TRACE 15256 --- [claim-service] [           main] org.hibernate.orm.jdbc.bind              : binding parameter (1:NUMERIC) <- [100.00]
2026-06-14T22:12:30.856+05:30 TRACE 15256 --- [claim-service] [           main] org.hibernate.orm.jdbc.bind              : binding parameter (2:VARCHAR) <- [AUTO]
2026-06-14T22:12:30.856+05:30 TRACE 15256 --- [claim-service] [           main] org.hibernate.orm.jdbc.bind              : binding parameter (3:VARCHAR) <- [Claimant A]
2026-06-14T22:12:30.857+05:30 TRACE 15256 --- [claim-service] [           main] org.hibernate.orm.jdbc.bind              : binding parameter (4:TIMESTAMP) <- [2026-06-14T22:12:30.855711500]
2026-06-14T22:12:30.857+05:30 TRACE 15256 --- [claim-service] [           main] org.hibernate.orm.jdbc.bind              : binding parameter (5:TIMESTAMP) <- [null]
2026-06-14T22:12:30.857+05:30 TRACE 15256 --- [claim-service] [           main] org.hibernate.orm.jdbc.bind              : binding parameter (6:VARCHAR) <- [Automated transactional validation query performance assertion payload scenario.]
2026-06-14T22:12:30.858+05:30 TRACE 15256 --- [claim-service] [           main] org.hibernate.orm.jdbc.bind              : binding parameter (7:TIMESTAMP) <- [2026-06-09T22:12:30.855711500]
2026-06-14T22:12:30.858+05:30 TRACE 15256 --- [claim-service] [           main] org.hibernate.orm.jdbc.bind              : binding parameter (8:VARCHAR) <- [POL-501]
2026-06-14T22:12:30.858+05:30 TRACE 15256 --- [claim-service] [           main] org.hibernate.orm.jdbc.bind              : binding parameter (9:ENUM) <- [UNDER_REVIEW]
2026-06-14T22:12:30.858+05:30 TRACE 15256 --- [claim-service] [           main] org.hibernate.orm.jdbc.bind              : binding parameter (10:TIMESTAMP) <- [2026-06-14T22:12:30.855711500]
2026-06-14T22:12:30.858+05:30 TRACE 15256 --- [claim-service] [           main] org.hibernate.orm.jdbc.bind              : binding parameter (11:UUID) <- [5dcf1ec0-ee1a-45e9-94f7-53c733e5f653]
2026-06-14T22:12:30.860+05:30 DEBUG 15256 --- [claim-service] [           main] org.hibernate.SQL                        : insert into claims (claim_amount,claim_type,claimant_name,created_at,deleted_at,description,incident_date,policy_number,status,updated_at,id) values (?,?,?,?,?,?,?,?,?,?,?)
Hibernate: insert into claims (claim_amount,claim_type,claimant_name,created_at,deleted_at,description,incident_date,policy_number,status,updated_at,id) values (?,?,?,?,?,?,?,?,?,?,?)
2026-06-14T22:12:30.860+05:30 TRACE 15256 --- [claim-service] [           main] org.hibernate.orm.jdbc.bind              : binding parameter (1:NUMERIC) <- [200.00]
2026-06-14T22:12:30.860+05:30 TRACE 15256 --- [claim-service] [           main] org.hibernate.orm.jdbc.bind              : binding parameter (2:VARCHAR) <- [AUTO]
2026-06-14T22:12:30.860+05:30 TRACE 15256 --- [claim-service] [           main] org.hibernate.orm.jdbc.bind              : binding parameter (3:VARCHAR) <- [Claimant B]
2026-06-14T22:12:30.861+05:30 TRACE 15256 --- [claim-service] [           main] org.hibernate.orm.jdbc.bind              : binding parameter (4:TIMESTAMP) <- [2026-06-14T22:12:30.859348400]
2026-06-14T22:12:30.861+05:30 TRACE 15256 --- [claim-service] [           main] org.hibernate.orm.jdbc.bind              : binding parameter (5:TIMESTAMP) <- [null]
2026-06-14T22:12:30.861+05:30 TRACE 15256 --- [claim-service] [           main] org.hibernate.orm.jdbc.bind              : binding parameter (6:VARCHAR) <- [Automated transactional validation query performance assertion payload scenario.]
2026-06-14T22:12:30.861+05:30 TRACE 15256 --- [claim-service] [           main] org.hibernate.orm.jdbc.bind              : binding parameter (7:TIMESTAMP) <- [2026-06-09T22:12:30.859348400]
2026-06-14T22:12:30.861+05:30 TRACE 15256 --- [claim-service] [           main] org.hibernate.orm.jdbc.bind              : binding parameter (8:VARCHAR) <- [POL-502]
2026-06-14T22:12:30.862+05:30 TRACE 15256 --- [claim-service] [           main] org.hibernate.orm.jdbc.bind              : binding parameter (9:ENUM) <- [UNDER_REVIEW]
2026-06-14T22:12:30.862+05:30 TRACE 15256 --- [claim-service] [           main] org.hibernate.orm.jdbc.bind              : binding parameter (10:TIMESTAMP) <- [2026-06-14T22:12:30.859348400]
2026-06-14T22:12:30.862+05:30 TRACE 15256 --- [claim-service] [           main] org.hibernate.orm.jdbc.bind              : binding parameter (11:UUID) <- [84a363f7-448a-4112-82c5-2d445a3d42de]
2026-06-14T22:12:30.863+05:30 DEBUG 15256 --- [claim-service] [           main] org.hibernate.SQL                        : insert into claims (claim_amount,claim_type,claimant_name,created_at,deleted_at,description,incident_date,policy_number,status,updated_at,id) values (?,?,?,?,?,?,?,?,?,?,?)
Hibernate: insert into claims (claim_amount,claim_type,claimant_name,created_at,deleted_at,description,incident_date,policy_number,status,updated_at,id) values (?,?,?,?,?,?,?,?,?,?,?)
2026-06-14T22:12:30.863+05:30 TRACE 15256 --- [claim-service] [           main] org.hibernate.orm.jdbc.bind              : binding parameter (1:NUMERIC) <- [300.00]
2026-06-14T22:12:30.863+05:30 TRACE 15256 --- [claim-service] [           main] org.hibernate.orm.jdbc.bind              : binding parameter (2:VARCHAR) <- [AUTO]
2026-06-14T22:12:30.863+05:30 TRACE 15256 --- [claim-service] [           main] org.hibernate.orm.jdbc.bind              : binding parameter (3:VARCHAR) <- [Claimant C]
2026-06-14T22:12:30.863+05:30 TRACE 15256 --- [claim-service] [           main] org.hibernate.orm.jdbc.bind              : binding parameter (4:TIMESTAMP) <- [2026-06-14T22:12:30.862345700]
2026-06-14T22:12:30.864+05:30 TRACE 15256 --- [claim-service] [           main] org.hibernate.orm.jdbc.bind              : binding parameter (5:TIMESTAMP) <- [null]
2026-06-14T22:12:30.864+05:30 TRACE 15256 --- [claim-service] [           main] org.hibernate.orm.jdbc.bind              : binding parameter (6:VARCHAR) <- [Automated transactional validation query performance assertion payload scenario.]
2026-06-14T22:12:30.864+05:30 TRACE 15256 --- [claim-service] [           main] org.hibernate.orm.jdbc.bind              : binding parameter (7:TIMESTAMP) <- [2026-06-09T22:12:30.862345700]
2026-06-14T22:12:30.864+05:30 TRACE 15256 --- [claim-service] [           main] org.hibernate.orm.jdbc.bind              : binding parameter (8:VARCHAR) <- [POL-503]
2026-06-14T22:12:30.864+05:30 TRACE 15256 --- [claim-service] [           main] org.hibernate.orm.jdbc.bind              : binding parameter (9:ENUM) <- [APPROVED]
2026-06-14T22:12:30.865+05:30 TRACE 15256 --- [claim-service] [           main] org.hibernate.orm.jdbc.bind              : binding parameter (10:TIMESTAMP) <- [2026-06-14T22:12:30.862345700]
2026-06-14T22:12:30.865+05:30 TRACE 15256 --- [claim-service] [           main] org.hibernate.orm.jdbc.bind              : binding parameter (11:UUID) <- [5d1a4621-92d5-43f7-a1f3-49e6364eeab0]
2026-06-14T22:12:30.867+05:30 DEBUG 15256 --- [claim-service] [           main] org.hibernate.SQL                        : insert into claims (claim_amount,claim_type,claimant_name,created_at,deleted_at,description,incident_date,policy_number,status,updated_at,id) values (?,?,?,?,?,?,?,?,?,?,?)
Hibernate: insert into claims (claim_amount,claim_type,claimant_name,created_at,deleted_at,description,incident_date,policy_number,status,updated_at,id) values (?,?,?,?,?,?,?,?,?,?,?)
2026-06-14T22:12:30.868+05:30 TRACE 15256 --- [claim-service] [           main] org.hibernate.orm.jdbc.bind              : binding parameter (1:NUMERIC) <- [400.00]
2026-06-14T22:12:30.868+05:30 TRACE 15256 --- [claim-service] [           main] org.hibernate.orm.jdbc.bind              : binding parameter (2:VARCHAR) <- [AUTO]
2026-06-14T22:12:30.868+05:30 TRACE 15256 --- [claim-service] [           main] org.hibernate.orm.jdbc.bind              : binding parameter (3:VARCHAR) <- [Claimant D]
2026-06-14T22:12:30.868+05:30 TRACE 15256 --- [claim-service] [           main] org.hibernate.orm.jdbc.bind              : binding parameter (4:TIMESTAMP) <- [2026-06-14T22:12:30.866347600]
2026-06-14T22:12:30.868+05:30 TRACE 15256 --- [claim-service] [           main] org.hibernate.orm.jdbc.bind              : binding parameter (5:TIMESTAMP) <- [2026-06-13T22:12:30.866347600]
2026-06-14T22:12:30.869+05:30 TRACE 15256 --- [claim-service] [           main] org.hibernate.orm.jdbc.bind              : binding parameter (6:VARCHAR) <- [Automated transactional validation query performance assertion payload scenario.]
2026-06-14T22:12:30.869+05:30 TRACE 15256 --- [claim-service] [           main] org.hibernate.orm.jdbc.bind              : binding parameter (7:TIMESTAMP) <- [2026-06-09T22:12:30.866347600]
2026-06-14T22:12:30.869+05:30 TRACE 15256 --- [claim-service] [           main] org.hibernate.orm.jdbc.bind              : binding parameter (8:VARCHAR) <- [POL-504]
2026-06-14T22:12:30.869+05:30 TRACE 15256 --- [claim-service] [           main] org.hibernate.orm.jdbc.bind              : binding parameter (9:ENUM) <- [UNDER_REVIEW]
2026-06-14T22:12:30.869+05:30 TRACE 15256 --- [claim-service] [           main] org.hibernate.orm.jdbc.bind              : binding parameter (10:TIMESTAMP) <- [2026-06-14T22:12:30.866347600]
2026-06-14T22:12:30.869+05:30 TRACE 15256 --- [claim-service] [           main] org.hibernate.orm.jdbc.bind              : binding parameter (11:UUID) <- [d79fc737-0f60-4dc7-af77-421471b68f23]
2026-06-14T22:12:30.875+05:30 DEBUG 15256 --- [claim-service] [           main] org.hibernate.SQL                        : select c1_0.id,c1_0.claim_amount,c1_0.claim_type,c1_0.claimant_name,c1_0.created_at,c1_0.deleted_at,c1_0.description,c1_0.incident_date,c1_0.policy_number,c1_0.status,c1_0.updated_at from claims c1_0 where c1_0.status=? and c1_0.deleted_at is null
Hibernate: select c1_0.id,c1_0.claim_amount,c1_0.claim_type,c1_0.claimant_name,c1_0.created_at,c1_0.deleted_at,c1_0.description,c1_0.incident_date,c1_0.policy_number,c1_0.status,c1_0.updated_at from claims c1_0 where c1_0.status=? and c1_0.deleted_at is null
2026-06-14T22:12:30.875+05:30 TRACE 15256 --- [claim-service] [           main] org.hibernate.orm.jdbc.bind              : binding parameter (1:ENUM) <- [UNDER_REVIEW]
]]></system-out>
  </testcase>
  <testcase name="shouldSearchClaimantNameIgnoringCase" classname="com.jiteen.claims.claim.domain.repository.ClaimRepositoryTest" time="0.071">
    <system-out><![CDATA[2026-06-14T22:12:30.886+05:30 DEBUG 15256 --- [claim-service] [           main] org.hibernate.SQL                        : insert into claims (claim_amount,claim_type,claimant_name,created_at,deleted_at,description,incident_date,policy_number,status,updated_at,id) values (?,?,?,?,?,?,?,?,?,?,?)
Hibernate: insert into claims (claim_amount,claim_type,claimant_name,created_at,deleted_at,description,incident_date,policy_number,status,updated_at,id) values (?,?,?,?,?,?,?,?,?,?,?)
2026-06-14T22:12:30.887+05:30 TRACE 15256 --- [claim-service] [           main] org.hibernate.orm.jdbc.bind              : binding parameter (1:NUMERIC) <- [1000.00]
2026-06-14T22:12:30.887+05:30 TRACE 15256 --- [claim-service] [           main] org.hibernate.orm.jdbc.bind              : binding parameter (2:VARCHAR) <- [AUTO]
2026-06-14T22:12:30.888+05:30 TRACE 15256 --- [claim-service] [           main] org.hibernate.orm.jdbc.bind              : binding parameter (3:VARCHAR) <- [Alexander Henderson]
2026-06-14T22:12:30.888+05:30 TRACE 15256 --- [claim-service] [           main] org.hibernate.orm.jdbc.bind              : binding parameter (4:TIMESTAMP) <- [2026-06-14T22:12:30.886352100]
2026-06-14T22:12:30.888+05:30 TRACE 15256 --- [claim-service] [           main] org.hibernate.orm.jdbc.bind              : binding parameter (5:TIMESTAMP) <- [null]
2026-06-14T22:12:30.889+05:30 TRACE 15256 --- [claim-service] [           main] org.hibernate.orm.jdbc.bind              : binding parameter (6:VARCHAR) <- [Automated transactional validation query performance assertion payload scenario.]
2026-06-14T22:12:30.889+05:30 TRACE 15256 --- [claim-service] [           main] org.hibernate.orm.jdbc.bind              : binding parameter (7:TIMESTAMP) <- [2026-06-09T22:12:30.886352100]
2026-06-14T22:12:30.889+05:30 TRACE 15256 --- [claim-service] [           main] org.hibernate.orm.jdbc.bind              : binding parameter (8:VARCHAR) <- [POL-601]
2026-06-14T22:12:30.889+05:30 TRACE 15256 --- [claim-service] [           main] org.hibernate.orm.jdbc.bind              : binding parameter (9:ENUM) <- [SUBMITTED]
2026-06-14T22:12:30.890+05:30 TRACE 15256 --- [claim-service] [           main] org.hibernate.orm.jdbc.bind              : binding parameter (10:TIMESTAMP) <- [2026-06-14T22:12:30.886352100]
2026-06-14T22:12:30.890+05:30 TRACE 15256 --- [claim-service] [           main] org.hibernate.orm.jdbc.bind              : binding parameter (11:UUID) <- [e6261bc2-48d3-4377-ad37-5f566c314a04]
2026-06-14T22:12:30.893+05:30 DEBUG 15256 --- [claim-service] [           main] org.hibernate.SQL                        : insert into claims (claim_amount,claim_type,claimant_name,created_at,deleted_at,description,incident_date,policy_number,status,updated_at,id) values (?,?,?,?,?,?,?,?,?,?,?)
Hibernate: insert into claims (claim_amount,claim_type,claimant_name,created_at,deleted_at,description,incident_date,policy_number,status,updated_at,id) values (?,?,?,?,?,?,?,?,?,?,?)
2026-06-14T22:12:30.893+05:30 TRACE 15256 --- [claim-service] [           main] org.hibernate.orm.jdbc.bind              : binding parameter (1:NUMERIC) <- [2000.00]
2026-06-14T22:12:30.893+05:30 TRACE 15256 --- [claim-service] [           main] org.hibernate.orm.jdbc.bind              : binding parameter (2:VARCHAR) <- [AUTO]
2026-06-14T22:12:30.893+05:30 TRACE 15256 --- [claim-service] [           main] org.hibernate.orm.jdbc.bind              : binding parameter (3:VARCHAR) <- [alex Smith]
2026-06-14T22:12:30.894+05:30 TRACE 15256 --- [claim-service] [           main] org.hibernate.orm.jdbc.bind              : binding parameter (4:TIMESTAMP) <- [2026-06-14T22:12:30.892361100]
2026-06-14T22:12:30.894+05:30 TRACE 15256 --- [claim-service] [           main] org.hibernate.orm.jdbc.bind              : binding parameter (5:TIMESTAMP) <- [null]
2026-06-14T22:12:30.894+05:30 TRACE 15256 --- [claim-service] [           main] org.hibernate.orm.jdbc.bind              : binding parameter (6:VARCHAR) <- [Automated transactional validation query performance assertion payload scenario.]
2026-06-14T22:12:30.894+05:30 TRACE 15256 --- [claim-service] [           main] org.hibernate.orm.jdbc.bind              : binding parameter (7:TIMESTAMP) <- [2026-06-09T22:12:30.891365200]
2026-06-14T22:12:30.894+05:30 TRACE 15256 --- [claim-service] [           main] org.hibernate.orm.jdbc.bind              : binding parameter (8:VARCHAR) <- [POL-602]
2026-06-14T22:12:30.894+05:30 TRACE 15256 --- [claim-service] [           main] org.hibernate.orm.jdbc.bind              : binding parameter (9:ENUM) <- [UNDER_REVIEW]
2026-06-14T22:12:30.895+05:30 TRACE 15256 --- [claim-service] [           main] org.hibernate.orm.jdbc.bind              : binding parameter (10:TIMESTAMP) <- [2026-06-14T22:12:30.892361100]
2026-06-14T22:12:30.895+05:30 TRACE 15256 --- [claim-service] [           main] org.hibernate.orm.jdbc.bind              : binding parameter (11:UUID) <- [b2f394a6-100a-44d1-8f8e-fbd301620e7f]
2026-06-14T22:12:30.896+05:30 DEBUG 15256 --- [claim-service] [           main] org.hibernate.SQL                        : insert into claims (claim_amount,claim_type,claimant_name,created_at,deleted_at,description,incident_date,policy_number,status,updated_at,id) values (?,?,?,?,?,?,?,?,?,?,?)
Hibernate: insert into claims (claim_amount,claim_type,claimant_name,created_at,deleted_at,description,incident_date,policy_number,status,updated_at,id) values (?,?,?,?,?,?,?,?,?,?,?)
2026-06-14T22:12:30.896+05:30 TRACE 15256 --- [claim-service] [           main] org.hibernate.orm.jdbc.bind              : binding parameter (1:NUMERIC) <- [3000.00]
2026-06-14T22:12:30.897+05:30 TRACE 15256 --- [claim-service] [           main] org.hibernate.orm.jdbc.bind              : binding parameter (2:VARCHAR) <- [AUTO]
2026-06-14T22:12:30.897+05:30 TRACE 15256 --- [claim-service] [           main] org.hibernate.orm.jdbc.bind              : binding parameter (3:VARCHAR) <- [VALERIE ALEXANDRIA]
2026-06-14T22:12:30.897+05:30 TRACE 15256 --- [claim-service] [           main] org.hibernate.orm.jdbc.bind              : binding parameter (4:TIMESTAMP) <- [2026-06-14T22:12:30.895367500]
2026-06-14T22:12:30.897+05:30 TRACE 15256 --- [claim-service] [           main] org.hibernate.orm.jdbc.bind              : binding parameter (5:TIMESTAMP) <- [null]
2026-06-14T22:12:30.897+05:30 TRACE 15256 --- [claim-service] [           main] org.hibernate.orm.jdbc.bind              : binding parameter (6:VARCHAR) <- [Automated transactional validation query performance assertion payload scenario.]
2026-06-14T22:12:30.897+05:30 TRACE 15256 --- [claim-service] [           main] org.hibernate.orm.jdbc.bind              : binding parameter (7:TIMESTAMP) <- [2026-06-09T22:12:30.895367500]
2026-06-14T22:12:30.897+05:30 TRACE 15256 --- [claim-service] [           main] org.hibernate.orm.jdbc.bind              : binding parameter (8:VARCHAR) <- [POL-603]
2026-06-14T22:12:30.897+05:30 TRACE 15256 --- [claim-service] [           main] org.hibernate.orm.jdbc.bind              : binding parameter (9:ENUM) <- [APPROVED]
2026-06-14T22:12:30.899+05:30 TRACE 15256 --- [claim-service] [           main] org.hibernate.orm.jdbc.bind              : binding parameter (10:TIMESTAMP) <- [2026-06-14T22:12:30.895367500]
2026-06-14T22:12:30.900+05:30 TRACE 15256 --- [claim-service] [           main] org.hibernate.orm.jdbc.bind              : binding parameter (11:UUID) <- [93ec424b-d520-40da-9362-d283302c9fd3]
2026-06-14T22:12:30.902+05:30 DEBUG 15256 --- [claim-service] [           main] org.hibernate.SQL                        : insert into claims (claim_amount,claim_type,claimant_name,created_at,deleted_at,description,incident_date,policy_number,status,updated_at,id) values (?,?,?,?,?,?,?,?,?,?,?)
Hibernate: insert into claims (claim_amount,claim_type,claimant_name,created_at,deleted_at,description,incident_date,policy_number,status,updated_at,id) values (?,?,?,?,?,?,?,?,?,?,?)
2026-06-14T22:12:30.902+05:30 TRACE 15256 --- [claim-service] [           main] org.hibernate.orm.jdbc.bind              : binding parameter (1:NUMERIC) <- [4000.00]
2026-06-14T22:12:30.902+05:30 TRACE 15256 --- [claim-service] [           main] org.hibernate.orm.jdbc.bind              : binding parameter (2:VARCHAR) <- [AUTO]
2026-06-14T22:12:30.902+05:30 TRACE 15256 --- [claim-service] [           main] org.hibernate.orm.jdbc.bind              : binding parameter (3:VARCHAR) <- [John Doe]
2026-06-14T22:12:30.902+05:30 TRACE 15256 --- [claim-service] [           main] org.hibernate.orm.jdbc.bind              : binding parameter (4:TIMESTAMP) <- [2026-06-14T22:12:30.901365800]
2026-06-14T22:12:30.903+05:30 TRACE 15256 --- [claim-service] [           main] org.hibernate.orm.jdbc.bind              : binding parameter (5:TIMESTAMP) <- [null]
2026-06-14T22:12:30.903+05:30 TRACE 15256 --- [claim-service] [           main] org.hibernate.orm.jdbc.bind              : binding parameter (6:VARCHAR) <- [Automated transactional validation query performance assertion payload scenario.]
2026-06-14T22:12:30.904+05:30 TRACE 15256 --- [claim-service] [           main] org.hibernate.orm.jdbc.bind              : binding parameter (7:TIMESTAMP) <- [2026-06-09T22:12:30.901365800]
2026-06-14T22:12:30.904+05:30 TRACE 15256 --- [claim-service] [           main] org.hibernate.orm.jdbc.bind              : binding parameter (8:VARCHAR) <- [POL-604]
2026-06-14T22:12:30.904+05:30 TRACE 15256 --- [claim-service] [           main] org.hibernate.orm.jdbc.bind              : binding parameter (9:ENUM) <- [SUBMITTED]
2026-06-14T22:12:30.904+05:30 TRACE 15256 --- [claim-service] [           main] org.hibernate.orm.jdbc.bind              : binding parameter (10:TIMESTAMP) <- [2026-06-14T22:12:30.901365800]
2026-06-14T22:12:30.905+05:30 TRACE 15256 --- [claim-service] [           main] org.hibernate.orm.jdbc.bind              : binding parameter (11:UUID) <- [facbfa8a-4987-4050-89c9-dab4b1e8a04d]
2026-06-14T22:12:30.907+05:30 DEBUG 15256 --- [claim-service] [           main] org.hibernate.SQL                        : insert into claims (claim_amount,claim_type,claimant_name,created_at,deleted_at,description,incident_date,policy_number,status,updated_at,id) values (?,?,?,?,?,?,?,?,?,?,?)
Hibernate: insert into claims (claim_amount,claim_type,claimant_name,created_at,deleted_at,description,incident_date,policy_number,status,updated_at,id) values (?,?,?,?,?,?,?,?,?,?,?)
2026-06-14T22:12:30.907+05:30 TRACE 15256 --- [claim-service] [           main] org.hibernate.orm.jdbc.bind              : binding parameter (1:NUMERIC) <- [500.00]
2026-06-14T22:12:30.907+05:30 TRACE 15256 --- [claim-service] [           main] org.hibernate.orm.jdbc.bind              : binding parameter (2:VARCHAR) <- [AUTO]
2026-06-14T22:12:30.907+05:30 TRACE 15256 --- [claim-service] [           main] org.hibernate.orm.jdbc.bind              : binding parameter (3:VARCHAR) <- [Alex Jones Soft Deleted]
2026-06-14T22:12:30.908+05:30 TRACE 15256 --- [claim-service] [           main] org.hibernate.orm.jdbc.bind              : binding parameter (4:TIMESTAMP) <- [2026-06-14T22:12:30.906569400]
2026-06-14T22:12:30.908+05:30 TRACE 15256 --- [claim-service] [           main] org.hibernate.orm.jdbc.bind              : binding parameter (5:TIMESTAMP) <- [2026-06-13T22:12:30.905557500]
2026-06-14T22:12:30.908+05:30 TRACE 15256 --- [claim-service] [           main] org.hibernate.orm.jdbc.bind              : binding parameter (6:VARCHAR) <- [Automated transactional validation query performance assertion payload scenario.]
2026-06-14T22:12:30.909+05:30 TRACE 15256 --- [claim-service] [           main] org.hibernate.orm.jdbc.bind              : binding parameter (7:TIMESTAMP) <- [2026-06-09T22:12:30.905557500]
2026-06-14T22:12:30.909+05:30 TRACE 15256 --- [claim-service] [           main] org.hibernate.orm.jdbc.bind              : binding parameter (8:VARCHAR) <- [POL-605]
2026-06-14T22:12:30.909+05:30 TRACE 15256 --- [claim-service] [           main] org.hibernate.orm.jdbc.bind              : binding parameter (9:ENUM) <- [SUBMITTED]
2026-06-14T22:12:30.909+05:30 TRACE 15256 --- [claim-service] [           main] org.hibernate.orm.jdbc.bind              : binding parameter (10:TIMESTAMP) <- [2026-06-14T22:12:30.906569400]
2026-06-14T22:12:30.909+05:30 TRACE 15256 --- [claim-service] [           main] org.hibernate.orm.jdbc.bind              : binding parameter (11:UUID) <- [dc325374-e493-4186-94ff-0c02394da0ca]
2026-06-14T22:12:30.929+05:30 DEBUG 15256 --- [claim-service] [           main] org.hibernate.SQL                        : select c1_0.id,c1_0.claim_amount,c1_0.claim_type,c1_0.claimant_name,c1_0.created_at,c1_0.deleted_at,c1_0.description,c1_0.incident_date,c1_0.policy_number,c1_0.status,c1_0.updated_at from claims c1_0 where upper(c1_0.claimant_name) like upper(?) escape '\' and c1_0.deleted_at is null
Hibernate: select c1_0.id,c1_0.claim_amount,c1_0.claim_type,c1_0.claimant_name,c1_0.created_at,c1_0.deleted_at,c1_0.description,c1_0.incident_date,c1_0.policy_number,c1_0.status,c1_0.updated_at from claims c1_0 where upper(c1_0.claimant_name) like upper(?) escape '\' and c1_0.deleted_at is null
2026-06-14T22:12:30.931+05:30 TRACE 15256 --- [claim-service] [           main] org.hibernate.orm.jdbc.bind              : binding parameter (1:VARCHAR) <- [%alex%]
]]></system-out>
  </testcase>
  <testcase name="shouldCountClaimsByStatus" classname="com.jiteen.claims.claim.domain.repository.ClaimRepositoryTest" time="0.058">
    <system-out><![CDATA[2026-06-14T22:12:30.959+05:30 DEBUG 15256 --- [claim-service] [           main] org.hibernate.SQL                        : insert into claims (claim_amount,claim_type,claimant_name,created_at,deleted_at,description,incident_date,policy_number,status,updated_at,id) values (?,?,?,?,?,?,?,?,?,?,?)
Hibernate: insert into claims (claim_amount,claim_type,claimant_name,created_at,deleted_at,description,incident_date,policy_number,status,updated_at,id) values (?,?,?,?,?,?,?,?,?,?,?)
2026-06-14T22:12:30.960+05:30 TRACE 15256 --- [claim-service] [           main] org.hibernate.orm.jdbc.bind              : binding parameter (1:NUMERIC) <- [150.00]
2026-06-14T22:12:30.960+05:30 TRACE 15256 --- [claim-service] [           main] org.hibernate.orm.jdbc.bind              : binding parameter (2:VARCHAR) <- [AUTO]
2026-06-14T22:12:30.961+05:30 TRACE 15256 --- [claim-service] [           main] org.hibernate.orm.jdbc.bind              : binding parameter (3:VARCHAR) <- [Alpha]
2026-06-14T22:12:30.961+05:30 TRACE 15256 --- [claim-service] [           main] org.hibernate.orm.jdbc.bind              : binding parameter (4:TIMESTAMP) <- [2026-06-14T22:12:30.958611900]
2026-06-14T22:12:30.961+05:30 TRACE 15256 --- [claim-service] [           main] org.hibernate.orm.jdbc.bind              : binding parameter (5:TIMESTAMP) <- [null]
2026-06-14T22:12:30.961+05:30 TRACE 15256 --- [claim-service] [           main] org.hibernate.orm.jdbc.bind              : binding parameter (6:VARCHAR) <- [Automated transactional validation query performance assertion payload scenario.]
2026-06-14T22:12:30.961+05:30 TRACE 15256 --- [claim-service] [           main] org.hibernate.orm.jdbc.bind              : binding parameter (7:TIMESTAMP) <- [2026-06-09T22:12:30.958611900]
2026-06-14T22:12:30.961+05:30 TRACE 15256 --- [claim-service] [           main] org.hibernate.orm.jdbc.bind              : binding parameter (8:VARCHAR) <- [POL-701]
2026-06-14T22:12:30.962+05:30 TRACE 15256 --- [claim-service] [           main] org.hibernate.orm.jdbc.bind              : binding parameter (9:ENUM) <- [AI_REVIEW_IN_PROGRESS]
2026-06-14T22:12:30.962+05:30 TRACE 15256 --- [claim-service] [           main] org.hibernate.orm.jdbc.bind              : binding parameter (10:TIMESTAMP) <- [2026-06-14T22:12:30.958611900]
2026-06-14T22:12:30.962+05:30 TRACE 15256 --- [claim-service] [           main] org.hibernate.orm.jdbc.bind              : binding parameter (11:UUID) <- [23898247-c136-4501-8e8c-fa6908c30c16]
2026-06-14T22:12:30.972+05:30 DEBUG 15256 --- [claim-service] [           main] org.hibernate.SQL                        : insert into claims (claim_amount,claim_type,claimant_name,created_at,deleted_at,description,incident_date,policy_number,status,updated_at,id) values (?,?,?,?,?,?,?,?,?,?,?)
Hibernate: insert into claims (claim_amount,claim_type,claimant_name,created_at,deleted_at,description,incident_date,policy_number,status,updated_at,id) values (?,?,?,?,?,?,?,?,?,?,?)
2026-06-14T22:12:30.972+05:30 TRACE 15256 --- [claim-service] [           main] org.hibernate.orm.jdbc.bind              : binding parameter (1:NUMERIC) <- [350.00]
2026-06-14T22:12:30.973+05:30 TRACE 15256 --- [claim-service] [           main] org.hibernate.orm.jdbc.bind              : binding parameter (2:VARCHAR) <- [AUTO]
2026-06-14T22:12:30.973+05:30 TRACE 15256 --- [claim-service] [           main] org.hibernate.orm.jdbc.bind              : binding parameter (3:VARCHAR) <- [Beta]
2026-06-14T22:12:30.973+05:30 TRACE 15256 --- [claim-service] [           main] org.hibernate.orm.jdbc.bind              : binding parameter (4:TIMESTAMP) <- [2026-06-14T22:12:30.966613300]
2026-06-14T22:12:30.973+05:30 TRACE 15256 --- [claim-service] [           main] org.hibernate.orm.jdbc.bind              : binding parameter (5:TIMESTAMP) <- [null]
2026-06-14T22:12:30.973+05:30 TRACE 15256 --- [claim-service] [           main] org.hibernate.orm.jdbc.bind              : binding parameter (6:VARCHAR) <- [Automated transactional validation query performance assertion payload scenario.]
2026-06-14T22:12:30.973+05:30 TRACE 15256 --- [claim-service] [           main] org.hibernate.orm.jdbc.bind              : binding parameter (7:TIMESTAMP) <- [2026-06-09T22:12:30.966613300]
2026-06-14T22:12:30.974+05:30 TRACE 15256 --- [claim-service] [           main] org.hibernate.orm.jdbc.bind              : binding parameter (8:VARCHAR) <- [POL-702]
2026-06-14T22:12:30.974+05:30 TRACE 15256 --- [claim-service] [           main] org.hibernate.orm.jdbc.bind              : binding parameter (9:ENUM) <- [AI_REVIEW_IN_PROGRESS]
2026-06-14T22:12:30.974+05:30 TRACE 15256 --- [claim-service] [           main] org.hibernate.orm.jdbc.bind              : binding parameter (10:TIMESTAMP) <- [2026-06-14T22:12:30.966613300]
2026-06-14T22:12:30.974+05:30 TRACE 15256 --- [claim-service] [           main] org.hibernate.orm.jdbc.bind              : binding parameter (11:UUID) <- [0c25aaff-721a-4bcb-8841-bbce8ea64db7]
2026-06-14T22:12:30.976+05:30 DEBUG 15256 --- [claim-service] [           main] org.hibernate.SQL                        : insert into claims (claim_amount,claim_type,claimant_name,created_at,deleted_at,description,incident_date,policy_number,status,updated_at,id) values (?,?,?,?,?,?,?,?,?,?,?)
Hibernate: insert into claims (claim_amount,claim_type,claimant_name,created_at,deleted_at,description,incident_date,policy_number,status,updated_at,id) values (?,?,?,?,?,?,?,?,?,?,?)
2026-06-14T22:12:30.977+05:30 TRACE 15256 --- [claim-service] [           main] org.hibernate.orm.jdbc.bind              : binding parameter (1:NUMERIC) <- [950.00]
2026-06-14T22:12:30.977+05:30 TRACE 15256 --- [claim-service] [           main] org.hibernate.orm.jdbc.bind              : binding parameter (2:VARCHAR) <- [AUTO]
2026-06-14T22:12:30.977+05:30 TRACE 15256 --- [claim-service] [           main] org.hibernate.orm.jdbc.bind              : binding parameter (3:VARCHAR) <- [Gamma]
2026-06-14T22:12:30.977+05:30 TRACE 15256 --- [claim-service] [           main] org.hibernate.orm.jdbc.bind              : binding parameter (4:TIMESTAMP) <- [2026-06-14T22:12:30.975142]
2026-06-14T22:12:30.977+05:30 TRACE 15256 --- [claim-service] [           main] org.hibernate.orm.jdbc.bind              : binding parameter (5:TIMESTAMP) <- [null]
2026-06-14T22:12:30.978+05:30 TRACE 15256 --- [claim-service] [           main] org.hibernate.orm.jdbc.bind              : binding parameter (6:VARCHAR) <- [Automated transactional validation query performance assertion payload scenario.]
2026-06-14T22:12:30.978+05:30 TRACE 15256 --- [claim-service] [           main] org.hibernate.orm.jdbc.bind              : binding parameter (7:TIMESTAMP) <- [2026-06-09T22:12:30.975142]
2026-06-14T22:12:30.978+05:30 TRACE 15256 --- [claim-service] [           main] org.hibernate.orm.jdbc.bind              : binding parameter (8:VARCHAR) <- [POL-703]
2026-06-14T22:12:30.978+05:30 TRACE 15256 --- [claim-service] [           main] org.hibernate.orm.jdbc.bind              : binding parameter (9:ENUM) <- [SUBMITTED]
2026-06-14T22:12:30.978+05:30 TRACE 15256 --- [claim-service] [           main] org.hibernate.orm.jdbc.bind              : binding parameter (10:TIMESTAMP) <- [2026-06-14T22:12:30.975142]
2026-06-14T22:12:30.979+05:30 TRACE 15256 --- [claim-service] [           main] org.hibernate.orm.jdbc.bind              : binding parameter (11:UUID) <- [4df99cea-3a3e-4d73-bb96-220b2a7a7aae]
2026-06-14T22:12:30.981+05:30 DEBUG 15256 --- [claim-service] [           main] org.hibernate.SQL                        : insert into claims (claim_amount,claim_type,claimant_name,created_at,deleted_at,description,incident_date,policy_number,status,updated_at,id) values (?,?,?,?,?,?,?,?,?,?,?)
Hibernate: insert into claims (claim_amount,claim_type,claimant_name,created_at,deleted_at,description,incident_date,policy_number,status,updated_at,id) values (?,?,?,?,?,?,?,?,?,?,?)
2026-06-14T22:12:30.988+05:30 TRACE 15256 --- [claim-service] [           main] org.hibernate.orm.jdbc.bind              : binding parameter (1:NUMERIC) <- [100.00]
2026-06-14T22:12:30.988+05:30 TRACE 15256 --- [claim-service] [           main] org.hibernate.orm.jdbc.bind              : binding parameter (2:VARCHAR) <- [AUTO]
2026-06-14T22:12:30.988+05:30 TRACE 15256 --- [claim-service] [           main] org.hibernate.orm.jdbc.bind              : binding parameter (3:VARCHAR) <- [Delta]
2026-06-14T22:12:30.988+05:30 TRACE 15256 --- [claim-service] [           main] org.hibernate.orm.jdbc.bind              : binding parameter (4:TIMESTAMP) <- [2026-06-14T22:12:30.980138400]
2026-06-14T22:12:30.989+05:30 TRACE 15256 --- [claim-service] [           main] org.hibernate.orm.jdbc.bind              : binding parameter (5:TIMESTAMP) <- [2026-06-13T22:12:30.979139700]
2026-06-14T22:12:30.989+05:30 TRACE 15256 --- [claim-service] [           main] org.hibernate.orm.jdbc.bind              : binding parameter (6:VARCHAR) <- [Automated transactional validation query performance assertion payload scenario.]
2026-06-14T22:12:30.989+05:30 TRACE 15256 --- [claim-service] [           main] org.hibernate.orm.jdbc.bind              : binding parameter (7:TIMESTAMP) <- [2026-06-09T22:12:30.979139700]
2026-06-14T22:12:30.989+05:30 TRACE 15256 --- [claim-service] [           main] org.hibernate.orm.jdbc.bind              : binding parameter (8:VARCHAR) <- [POL-704]
2026-06-14T22:12:30.989+05:30 TRACE 15256 --- [claim-service] [           main] org.hibernate.orm.jdbc.bind              : binding parameter (9:ENUM) <- [AI_REVIEW_IN_PROGRESS]
2026-06-14T22:12:30.990+05:30 TRACE 15256 --- [claim-service] [           main] org.hibernate.orm.jdbc.bind              : binding parameter (10:TIMESTAMP) <- [2026-06-14T22:12:30.980138400]
2026-06-14T22:12:30.990+05:30 TRACE 15256 --- [claim-service] [           main] org.hibernate.orm.jdbc.bind              : binding parameter (11:UUID) <- [5f961607-9e42-43eb-a042-0ebfef542280]
2026-06-14T22:12:31.001+05:30 DEBUG 15256 --- [claim-service] [           main] org.hibernate.SQL                        : select count(c1_0.id) from claims c1_0 where c1_0.status=? and c1_0.deleted_at is null
Hibernate: select count(c1_0.id) from claims c1_0 where c1_0.status=? and c1_0.deleted_at is null
2026-06-14T22:12:31.003+05:30 TRACE 15256 --- [claim-service] [           main] org.hibernate.orm.jdbc.bind              : binding parameter (1:ENUM) <- [AI_REVIEW_IN_PROGRESS]
]]></system-out>
  </testcase>
  <testcase name="shouldFindClaimByIdWhenActive" classname="com.jiteen.claims.claim.domain.repository.ClaimRepositoryTest" time="0.035">
    <system-out><![CDATA[2026-06-14T22:12:31.020+05:30 DEBUG 15256 --- [claim-service] [           main] org.hibernate.SQL                        : insert into claims (claim_amount,claim_type,claimant_name,created_at,deleted_at,description,incident_date,policy_number,status,updated_at,id) values (?,?,?,?,?,?,?,?,?,?,?)
Hibernate: insert into claims (claim_amount,claim_type,claimant_name,created_at,deleted_at,description,incident_date,policy_number,status,updated_at,id) values (?,?,?,?,?,?,?,?,?,?,?)
2026-06-14T22:12:31.021+05:30 TRACE 15256 --- [claim-service] [           main] org.hibernate.orm.jdbc.bind              : binding parameter (1:NUMERIC) <- [1500.00]
2026-06-14T22:12:31.021+05:30 TRACE 15256 --- [claim-service] [           main] org.hibernate.orm.jdbc.bind              : binding parameter (2:VARCHAR) <- [AUTO]
2026-06-14T22:12:31.021+05:30 TRACE 15256 --- [claim-service] [           main] org.hibernate.orm.jdbc.bind              : binding parameter (3:VARCHAR) <- [John Doe]
2026-06-14T22:12:31.022+05:30 TRACE 15256 --- [claim-service] [           main] org.hibernate.orm.jdbc.bind              : binding parameter (4:TIMESTAMP) <- [2026-06-14T22:12:31.019599500]
2026-06-14T22:12:31.022+05:30 TRACE 15256 --- [claim-service] [           main] org.hibernate.orm.jdbc.bind              : binding parameter (5:TIMESTAMP) <- [null]
2026-06-14T22:12:31.022+05:30 TRACE 15256 --- [claim-service] [           main] org.hibernate.orm.jdbc.bind              : binding parameter (6:VARCHAR) <- [Automated transactional validation query performance assertion payload scenario.]
2026-06-14T22:12:31.022+05:30 TRACE 15256 --- [claim-service] [           main] org.hibernate.orm.jdbc.bind              : binding parameter (7:TIMESTAMP) <- [2026-06-09T22:12:31.019599500]
2026-06-14T22:12:31.022+05:30 TRACE 15256 --- [claim-service] [           main] org.hibernate.orm.jdbc.bind              : binding parameter (8:VARCHAR) <- [POL-100]
2026-06-14T22:12:31.023+05:30 TRACE 15256 --- [claim-service] [           main] org.hibernate.orm.jdbc.bind              : binding parameter (9:ENUM) <- [SUBMITTED]
2026-06-14T22:12:31.023+05:30 TRACE 15256 --- [claim-service] [           main] org.hibernate.orm.jdbc.bind              : binding parameter (10:TIMESTAMP) <- [2026-06-14T22:12:31.019599500]
2026-06-14T22:12:31.023+05:30 TRACE 15256 --- [claim-service] [           main] org.hibernate.orm.jdbc.bind              : binding parameter (11:UUID) <- [3c69f499-65b2-4fb1-a193-6cf96310d9c4]
2026-06-14T22:12:31.041+05:30 DEBUG 15256 --- [claim-service] [           main] org.hibernate.SQL                        : select c1_0.id,c1_0.claim_amount,c1_0.claim_type,c1_0.claimant_name,c1_0.created_at,c1_0.deleted_at,c1_0.description,c1_0.incident_date,c1_0.policy_number,c1_0.status,c1_0.updated_at from claims c1_0 where c1_0.id=? and c1_0.deleted_at is null
Hibernate: select c1_0.id,c1_0.claim_amount,c1_0.claim_type,c1_0.claimant_name,c1_0.created_at,c1_0.deleted_at,c1_0.description,c1_0.incident_date,c1_0.policy_number,c1_0.status,c1_0.updated_at from claims c1_0 where c1_0.id=? and c1_0.deleted_at is null
2026-06-14T22:12:31.042+05:30 TRACE 15256 --- [claim-service] [           main] org.hibernate.orm.jdbc.bind              : binding parameter (1:UUID) <- [3c69f499-65b2-4fb1-a193-6cf96310d9c4]
]]></system-out>
  </testcase>
</testsuite>